<?xml version="1.0" encoding="UTF-8"?>
<testsuite name="com.splitmanager.sessions.SplitCalculatorTest" tests="8" skipped="0" failures="0" errors="0" timestamp="2026-07-21T12:19:09" hostname="Loulord" time="0.002">
  <properties/>
  <testcase name="respectsMinimumValueAndCapsTaxPerLoot" classname="com.splitmanager.sessions.SplitCalculatorTest" time="0.001"/>
  <testcase name="computesThreadMetricsAndIgnoresRosterEvents" classname="com.splitmanager.sessions.SplitCalculatorTest" time="0.0"/>
  <testcase name="appliesGeTaxToThreePersonSplitValue" classname="com.splitmanager.sessions.SplitCalculatorTest" time="0.0"/>
  <testcase name="appliesGeTaxToSplitValue" classname="com.splitmanager.sessions.SplitCalculatorTest" time="0.001"/>
  <testcase name="ignoresUnattributableLootAndZeroTaxResults" classname="com.splitmanager.sessions.SplitCalculatorTest" time="0.0"/>
  <testcase name="attributesLootToRosterPlayerIgnoringCase" classname="com.splitmanager.sessions.SplitCalculatorTest" time="0.0"/>
  <testcase name="doesNotApplyGeTaxToRosterEvents" classname="com.splitmanager.sessions.SplitCalculatorTest" time="0.0"/>
  <testcase name="returnsEmptyForNullSession" classname="com.splitmanager.sessions.SplitCalculatorTest" time="0.0"/>
  <system-out><![CDATA[]]></system-out>
  <system-err><![CDATA[]]></system-err>
</testsuite>
