<?xml version="1.0" encoding="UTF-8"?>
<testsuite name="com.splitmanager.MarkdownFormatterTest" tests="5" skipped="0" failures="0" errors="0" timestamp="2026-07-21T12:19:08" hostname="Loulord" time="0.007">
  <properties/>
  <testcase name="testBuildMetricsMarkdownWithDirectPayments" classname="com.splitmanager.MarkdownFormatterTest" time="0.004"/>
  <testcase name="testBuildMetricsMarkdownWithDirectPaymentsUsesSimpleTable" classname="com.splitmanager.MarkdownFormatterTest" time="0.001"/>
  <testcase name="testBuildMetricsMarkdownForDiscordEscapesAndFlipsSplit" classname="com.splitmanager.MarkdownFormatterTest" time="0.001"/>
  <testcase name="testBuildMetricsMarkdownWithoutDirectPayments" classname="com.splitmanager.MarkdownFormatterTest" time="0.0"/>
  <testcase name="testBuildMetricsJson" classname="com.splitmanager.MarkdownFormatterTest" time="0.001"/>
  <system-out><![CDATA[]]></system-out>
  <system-err><![CDATA[]]></system-err>
</testsuite>
