<?xml version="1.0" encoding="UTF-8"?>
<testsuite name="com.splitmanager.ManagerPluginTest" tests="10" skipped="0" failures="0" errors="0" timestamp="2026-07-21T12:19:07" hostname="Loulord" time="0.425">
  <properties/>
  <testcase name="testAddFlowSingleValue" classname="com.splitmanager.ManagerPluginTest" time="0.381"/>
  <testcase name="testInvalidChatStatusRegexDoesNotBreakDetection" classname="com.splitmanager.ManagerPluginTest" time="0.009"/>
  <testcase name="testChatDetectionRespectsChannelToggles" classname="com.splitmanager.ManagerPluginTest" time="0.003"/>
  <testcase name="testAddFlowMultipleValues" classname="com.splitmanager.ManagerPluginTest" time="0.005"/>
  <testcase name="testChatDetectionIgnoresNonClanAndNonFriendsMessages" classname="com.splitmanager.ManagerPluginTest" time="0.003"/>
  <testcase name="testConfiguredLeaveRegexCanShortCircuitDetection" classname="com.splitmanager.ManagerPluginTest" time="0.002"/>
  <testcase name="testPvpLootDetection" classname="com.splitmanager.ManagerPluginTest" time="0.004"/>
  <testcase name="testAddFlowDisabled" classname="com.splitmanager.ManagerPluginTest" time="0.005"/>
  <testcase name="testAddFlowFriendsChat" classname="com.splitmanager.ManagerPluginTest" time="0.005"/>
  <testcase name="testPvmDropDetection" classname="com.splitmanager.ManagerPluginTest" time="0.006"/>
  <system-out><![CDATA[2026-07-21 14:19:08 CEST [Test worker] WARN  com.splitmanager.ManagerPlugin - Invalid chat status regex for chatLeaveOrKickRegex; falling back to default
java.util.regex.PatternSyntaxException: Unclosed character class near index 9
[not valid
         ^
	at java.base/java.util.regex.Pattern.error(Pattern.java:2204)
	at java.base/java.util.regex.Pattern.clazz(Pattern.java:2869)
	at java.base/java.util.regex.Pattern.sequence(Pattern.java:2315)
	at java.base/java.util.regex.Pattern.expr(Pattern.java:2245)
	at java.base/java.util.regex.Pattern.compile(Pattern.java:1945)
	at java.base/java.util.regex.Pattern.<init>(Pattern.java:1576)
	at java.base/java.util.regex.Pattern.compile(Pattern.java:1101)
	at com.splitmanager.ManagerPlugin.configuredPattern(ManagerPlugin.java:375)
	at com.splitmanager.ManagerPlugin.checkChatJoinLeave(ManagerPlugin.java:350)
	at com.splitmanager.ManagerPlugin.onChatMessage(ManagerPlugin.java:260)
	at com.splitmanager.ManagerPluginTest.testInvalidChatStatusRegexDoesNotBreakDetection(ManagerPluginTest.java:238)
	at java.base/jdk.internal.reflect.DirectMethodHandleAccessor.invoke(DirectMethodHandleAccessor.java:103)
	at java.base/java.lang.reflect.Method.invoke(Method.java:580)
	at org.junit.runners.model.FrameworkMethod$1.runReflectiveCall(FrameworkMethod.java:50)
	at org.junit.internal.runners.model.ReflectiveCallable.run(ReflectiveCallable.java:12)
	at org.junit.runners.model.FrameworkMethod.invokeExplosively(FrameworkMethod.java:47)
	at org.junit.internal.runners.statements.InvokeMethod.evaluate(InvokeMethod.java:17)
	at org.junit.internal.runners.statements.RunBefores.evaluate(RunBefores.java:26)
	at org.mockito.internal.runners.DefaultInternalRunner$1$1.evaluate(DefaultInternalRunner.java:55)
	at org.junit.runners.ParentRunner.runLeaf(ParentRunner.java:325)
	at org.junit.runners.BlockJUnit4ClassRunner.runChild(BlockJUnit4ClassRunner.java:78)
	at org.junit.runners.BlockJUnit4ClassRunner.runChild(BlockJUnit4ClassRunner.java:57)
	at org.junit.runners.ParentRunner$3.run(ParentRunner.java:290)
	at org.junit.runners.ParentRunner$1.schedule(ParentRunner.java:71)
	at org.junit.runners.ParentRunner.runChildren(ParentRunner.java:288)
	at org.junit.runners.ParentRunner.access$000(ParentRunner.java:58)
	at org.junit.runners.ParentRunner$2.evaluate(ParentRunner.java:268)
	at org.junit.runners.ParentRunner.run(ParentRunner.java:363)
	at org.mockito.internal.runners.DefaultInternalRunner$1.run(DefaultInternalRunner.java:100)
	at org.mockito.internal.runners.DefaultInternalRunner.run(DefaultInternalRunner.java:107)
	at org.mockito.internal.runners.StrictRunner.run(StrictRunner.java:41)
	at org.mockito.junit.MockitoJUnitRunner.run(MockitoJUnitRunner.java:163)
	at org.gradle.api.internal.tasks.testing.junit.JUnitTestClassExecutor.runTestClass(JUnitTestClassExecutor.java:112)
	at org.gradle.api.internal.tasks.testing.junit.JUnitTestClassExecutor.execute(JUnitTestClassExecutor.java:58)
	at org.gradle.api.internal.tasks.testing.junit.JUnitTestClassExecutor.execute(JUnitTestClassExecutor.java:40)
	at org.gradle.api.internal.tasks.testing.junit.AbstractJUnitTestClassProcessor.processTestClass(AbstractJUnitTestClassProcessor.java:54)
	at org.gradle.api.internal.tasks.testing.SuiteTestClassProcessor.processTestClass(SuiteTestClassProcessor.java:53)
	at java.base/jdk.internal.reflect.DirectMethodHandleAccessor.invoke(DirectMethodHandleAccessor.java:103)
	at java.base/java.lang.reflect.Method.invoke(Method.java:580)
	at org.gradle.internal.dispatch.ReflectionDispatch.dispatch(ReflectionDispatch.java:36)
	at org.gradle.internal.dispatch.ReflectionDispatch.dispatch(ReflectionDispatch.java:24)
	at org.gradle.internal.dispatch.ContextClassLoaderDispatch.dispatch(ContextClassLoaderDispatch.java:33)
	at org.gradle.internal.dispatch.ProxyDispatchAdapter$DispatchingInvocationHandler.invoke(ProxyDispatchAdapter.java:92)
	at jdk.proxy2/jdk.proxy2.$Proxy6.processTestClass(Unknown Source)
	at org.gradle.api.internal.tasks.testing.worker.TestWorker$2.run(TestWorker.java:183)
	at org.gradle.api.internal.tasks.testing.worker.TestWorker.executeAndMaintainThreadName(TestWorker.java:132)
	at org.gradle.api.internal.tasks.testing.worker.TestWorker.execute(TestWorker.java:103)
	at org.gradle.api.internal.tasks.testing.worker.TestWorker.execute(TestWorker.java:63)
	at org.gradle.process.internal.worker.child.ActionExecutionWorker.execute(ActionExecutionWorker.java:56)
	at org.gradle.process.internal.worker.child.SystemApplicationClassLoaderWorker.call(SystemApplicationClassLoaderWorker.java:121)
	at org.gradle.process.internal.worker.child.SystemApplicationClassLoaderWorker.call(SystemApplicationClassLoaderWorker.java:71)
	at worker.org.gradle.process.internal.worker.GradleWorkerMain.run(GradleWorkerMain.java:69)
	at worker.org.gradle.process.internal.worker.GradleWorkerMain.main(GradleWorkerMain.java:74)
2026-07-21 14:19:08 CEST [Test worker] WARN  com.splitmanager.ManagerPlugin - Invalid chat status regex for chatJoinRegex; falling back to default
java.util.regex.PatternSyntaxException: Unclosed character class near index 14
[also not valid
              ^
	at java.base/java.util.regex.Pattern.error(Pattern.java:2204)
	at java.base/java.util.regex.Pattern.clazz(Pattern.java:2869)
	at java.base/java.util.regex.Pattern.sequence(Pattern.java:2315)
	at java.base/java.util.regex.Pattern.expr(Pattern.java:2245)
	at java.base/java.util.regex.Pattern.compile(Pattern.java:1945)
	at java.base/java.util.regex.Pattern.<init>(Pattern.java:1576)
	at java.base/java.util.regex.Pattern.compile(Pattern.java:1101)
	at com.splitmanager.ManagerPlugin.configuredPattern(ManagerPlugin.java:375)
	at com.splitmanager.ManagerPlugin.checkChatJoinLeave(ManagerPlugin.java:360)
	at com.splitmanager.ManagerPlugin.onChatMessage(ManagerPlugin.java:260)
	at com.splitmanager.ManagerPluginTest.testInvalidChatStatusRegexDoesNotBreakDetection(ManagerPluginTest.java:238)
	at java.base/jdk.internal.reflect.DirectMethodHandleAccessor.invoke(DirectMethodHandleAccessor.java:103)
	at java.base/java.lang.reflect.Method.invoke(Method.java:580)
	at org.junit.runners.model.FrameworkMethod$1.runReflectiveCall(FrameworkMethod.java:50)
	at org.junit.internal.runners.model.ReflectiveCallable.run(ReflectiveCallable.java:12)
	at org.junit.runners.model.FrameworkMethod.invokeExplosively(FrameworkMethod.java:47)
	at org.junit.internal.runners.statements.InvokeMethod.evaluate(InvokeMethod.java:17)
	at org.junit.internal.runners.statements.RunBefores.evaluate(RunBefores.java:26)
	at org.mockito.internal.runners.DefaultInternalRunner$1$1.evaluate(DefaultInternalRunner.java:55)
	at org.junit.runners.ParentRunner.runLeaf(ParentRunner.java:325)
	at org.junit.runners.BlockJUnit4ClassRunner.runChild(BlockJUnit4ClassRunner.java:78)
	at org.junit.runners.BlockJUnit4ClassRunner.runChild(BlockJUnit4ClassRunner.java:57)
	at org.junit.runners.ParentRunner$3.run(ParentRunner.java:290)
	at org.junit.runners.ParentRunner$1.schedule(ParentRunner.java:71)
	at org.junit.runners.ParentRunner.runChildren(ParentRunner.java:288)
	at org.junit.runners.ParentRunner.access$000(ParentRunner.java:58)
	at org.junit.runners.ParentRunner$2.evaluate(ParentRunner.java:268)
	at org.junit.runners.ParentRunner.run(ParentRunner.java:363)
	at org.mockito.internal.runners.DefaultInternalRunner$1.run(DefaultInternalRunner.java:100)
	at org.mockito.internal.runners.DefaultInternalRunner.run(DefaultInternalRunner.java:107)
	at org.mockito.internal.runners.StrictRunner.run(StrictRunner.java:41)
	at org.mockito.junit.MockitoJUnitRunner.run(MockitoJUnitRunner.java:163)
	at org.gradle.api.internal.tasks.testing.junit.JUnitTestClassExecutor.runTestClass(JUnitTestClassExecutor.java:112)
	at org.gradle.api.internal.tasks.testing.junit.JUnitTestClassExecutor.execute(JUnitTestClassExecutor.java:58)
	at org.gradle.api.internal.tasks.testing.junit.JUnitTestClassExecutor.execute(JUnitTestClassExecutor.java:40)
	at org.gradle.api.internal.tasks.testing.junit.AbstractJUnitTestClassProcessor.processTestClass(AbstractJUnitTestClassProcessor.java:54)
	at org.gradle.api.internal.tasks.testing.SuiteTestClassProcessor.processTestClass(SuiteTestClassProcessor.java:53)
	at java.base/jdk.internal.reflect.DirectMethodHandleAccessor.invoke(DirectMethodHandleAccessor.java:103)
	at java.base/java.lang.reflect.Method.invoke(Method.java:580)
	at org.gradle.internal.dispatch.ReflectionDispatch.dispatch(ReflectionDispatch.java:36)
	at org.gradle.internal.dispatch.ReflectionDispatch.dispatch(ReflectionDispatch.java:24)
	at org.gradle.internal.dispatch.ContextClassLoaderDispatch.dispatch(ContextClassLoaderDispatch.java:33)
	at org.gradle.internal.dispatch.ProxyDispatchAdapter$DispatchingInvocationHandler.invoke(ProxyDispatchAdapter.java:92)
	at jdk.proxy2/jdk.proxy2.$Proxy6.processTestClass(Unknown Source)
	at org.gradle.api.internal.tasks.testing.worker.TestWorker$2.run(TestWorker.java:183)
	at org.gradle.api.internal.tasks.testing.worker.TestWorker.executeAndMaintainThreadName(TestWorker.java:132)
	at org.gradle.api.internal.tasks.testing.worker.TestWorker.execute(TestWorker.java:103)
	at org.gradle.api.internal.tasks.testing.worker.TestWorker.execute(TestWorker.java:63)
	at org.gradle.process.internal.worker.child.ActionExecutionWorker.execute(ActionExecutionWorker.java:56)
	at org.gradle.process.internal.worker.child.SystemApplicationClassLoaderWorker.call(SystemApplicationClassLoaderWorker.java:121)
	at org.gradle.process.internal.worker.child.SystemApplicationClassLoaderWorker.call(SystemApplicationClassLoaderWorker.java:71)
	at worker.org.gradle.process.internal.worker.GradleWorkerMain.run(GradleWorkerMain.java:69)
	at worker.org.gradle.process.internal.worker.GradleWorkerMain.main(GradleWorkerMain.java:74)
]]></system-out>
  <system-err><![CDATA[]]></system-err>
</testsuite>
