<?xml version="1.0" encoding="UTF-8"?>
<testsuite name="com.splitmanager.views.graph.SessionGraphDataTest" tests="4" skipped="0" failures="0" errors="0" timestamp="2026-07-21T12:19:10" hostname="Loulord" time="0.002">
  <properties/>
  <testcase name="testSplitBalanceSortsByAbsoluteSplitAndPreservesSign" classname="com.splitmanager.views.graph.SessionGraphDataTest" time="0.002"/>
  <testcase name="testGpPerHourUsesThreadStartAndLootOnly" classname="com.splitmanager.views.graph.SessionGraphDataTest" time="0.0"/>
  <testcase name="testHighestEarningsSortsByTotal" classname="com.splitmanager.views.graph.SessionGraphDataTest" time="0.0"/>
  <testcase name="testNullCurrentSessionReturnsEmptySnapshot" classname="com.splitmanager.views.graph.SessionGraphDataTest" time="0.0"/>
  <system-out><![CDATA[]]></system-out>
  <system-err><![CDATA[]]></system-err>
</testsuite>
