<?xml version="1.0" encoding="UTF-8"?>
<testsuite name="com.splitmanager.ManagerSessionTest" tests="76" skipped="0" failures="0" errors="0" timestamp="2026-07-21T12:19:08" hostname="Loulord" time="0.517">
  <properties/>
  <testcase name="testHistoryAndConfigEdgeCases" classname="com.splitmanager.ManagerSessionTest" time="0.019"/>
  <testcase name="testHistoryEditWarningCanBlockStagedHistoryChange" classname="com.splitmanager.ManagerSessionTest" time="0.014"/>
  <testcase name="testMigratesLegacyConfigToFileAndClearsOldKeys" classname="com.splitmanager.ManagerSessionTest" time="0.008"/>
  <testcase name="testPersistence" classname="com.splitmanager.ManagerSessionTest" time="0.008"/>
  <testcase name="testDiscardHistoryChangesRestoresStagedHistoryEdit" classname="com.splitmanager.ManagerSessionTest" time="0.01"/>
  <testcase name="testInsertLootRejectsBadInputsAndFallsBackFromMissingSegment" classname="com.splitmanager.ManagerSessionTest" time="0.004"/>
  <testcase name="testMoveLootEventRejectsPositionOutsidePlayerRosterWindow" classname="com.splitmanager.ManagerSessionTest" time="0.004"/>
  <testcase name="testSessionHasPlayerHandlesNulls" classname="com.splitmanager.ManagerSessionTest" time="0.001"/>
  <testcase name="testKnownAndNonActivePlayers" classname="com.splitmanager.ManagerSessionTest" time="0.003"/>
  <testcase name="testInsertLootAtUsesRequestedGlobalEventIndex" classname="com.splitmanager.ManagerSessionTest" time="0.003"/>
  <testcase name="testAddPlayerToActive" classname="com.splitmanager.ManagerSessionTest" time="0.004"/>
  <testcase name="testSessionThreadCapturesAltMappingSnapshots" classname="com.splitmanager.ManagerSessionTest" time="0.003"/>
  <testcase name="testNewHistoryEditAfterUndoClearsRedo" classname="com.splitmanager.ManagerSessionTest" time="0.004"/>
  <testcase name="testLegacyVersionHistoryIsReadOnly" classname="com.splitmanager.ManagerSessionTest" time="0.008"/>
  <testcase name="testLoadFromConfigHandlesInvalidJson" classname="com.splitmanager.ManagerSessionTest" time="0.005"/>
  <testcase name="testStartSession" classname="com.splitmanager.ManagerSessionTest" time="0.003"/>
  <testcase name="testAddPlayerResolvesAltToMainInRoster" classname="com.splitmanager.ManagerSessionTest" time="0.006"/>
  <testcase name="testUpdatingSavedHistorySettlementContextChangesHistoryMetrics" classname="com.splitmanager.ManagerSessionTest" time="0.007"/>
  <testcase name="testUndoRedoHistoryEditMoveRestoresEventOrder" classname="com.splitmanager.ManagerSessionTest" time="0.005"/>
  <testcase name="testRemoveFinalLeftRosterEventWithoutLaterJoin" classname="com.splitmanager.ManagerSessionTest" time="0.006"/>
  <testcase name="testPendingValueAutoApplyAndQueueLimit" classname="com.splitmanager.ManagerSessionTest" time="0.014"/>
  <testcase name="testExportSelectedHistoryIncludesRootAndChildren" classname="com.splitmanager.ManagerSessionTest" time="0.004"/>
  <testcase name="testMovingJoinBeforeEarlierLootSplitsThreeChildSessionThread" classname="com.splitmanager.ManagerSessionTest" time="0.008"/>
  <testcase name="testUndoRedoHistoryEditLootAmountRestoresDirtyState" classname="com.splitmanager.ManagerSessionTest" time="0.003"/>
  <testcase name="testHistoryWarningCanCancelEveryTimelineMutation" classname="com.splitmanager.ManagerSessionTest" time="0.005"/>
  <testcase name="testFailedHistoryEditDoesNotCreateUndoStep" classname="com.splitmanager.ManagerSessionTest" time="0.003"/>
  <testcase name="testMoveLootEventInHistoryModeRecalculatesMetricsForTargetSegment" classname="com.splitmanager.ManagerSessionTest" time="0.006"/>
  <testcase name="testRemovePlayerFromSession" classname="com.splitmanager.ManagerSessionTest" time="0.003"/>
  <testcase name="testImportHistorySessionsAcceptsSchemaThreeThreadJson" classname="com.splitmanager.ManagerSessionTest" time="0.009"/>
  <testcase name="testComputeMetricsFallsBackForInvalidGeTaxMinimum" classname="com.splitmanager.ManagerSessionTest" time="0.006"/>
  <testcase name="testComputeMetricsUsesConfiguredGeTaxCap" classname="com.splitmanager.ManagerSessionTest" time="0.004"/>
  <testcase name="testLegacyHistoryWithoutAltSnapshotUsesRecordedNames" classname="com.splitmanager.ManagerSessionTest" time="0.004"/>
  <testcase name="testClosedHistoryUsesSavedSettlementConfigContext" classname="com.splitmanager.ManagerSessionTest" time="0.005"/>
  <testcase name="testImportedHistoryWithoutVersionIsReadOnly" classname="com.splitmanager.ManagerSessionTest" time="0.003"/>
  <testcase name="testPersistenceAndRemainingPublicDefensivePaths" classname="com.splitmanager.ManagerSessionTest" time="0.009"/>
  <testcase name="testInsertAndMoveEventEdgeCases" classname="com.splitmanager.ManagerSessionTest" time="0.004"/>
  <testcase name="testFileBackedPersistence" classname="com.splitmanager.ManagerSessionTest" time="0.005"/>
  <testcase name="testStopSession" classname="com.splitmanager.ManagerSessionTest" time="0.002"/>
  <testcase name="testImportHistorySessionsRemapsIdsAndPreservesMotherThread" classname="com.splitmanager.ManagerSessionTest" time="0.006"/>
  <testcase name="testMoveEventAcrossSessionSegmentsUsesTargetSegment" classname="com.splitmanager.ManagerSessionTest" time="0.004"/>
  <testcase name="testUndoRedoHistoryEditDeleteRestoresRemovedEvent" classname="com.splitmanager.ManagerSessionTest" time="0.005"/>
  <testcase name="testHistoryUsesStoredAltMappingInsteadOfCurrentMapping" classname="com.splitmanager.ManagerSessionTest" time="0.005"/>
  <testcase name="testMoveEventReordersWithinSessionAndAllowsDropAfterLastRow" classname="com.splitmanager.ManagerSessionTest" time="0.003"/>
  <testcase name="testCurrentThreadContainsRawAltNameAcrossChildSessions" classname="com.splitmanager.ManagerSessionTest" time="0.004"/>
  <testcase name="testAddPendingValueAutoAppliesForActiveRoster" classname="com.splitmanager.ManagerSessionTest" time="0.003"/>
  <testcase name="testMoveRosterJoinInHistoryModeRebuildsSegmentRostersForMetrics" classname="com.splitmanager.ManagerSessionTest" time="0.006"/>
  <testcase name="testExportAllHistoryExcludesActiveSession" classname="com.splitmanager.ManagerSessionTest" time="0.005"/>
  <testcase name="testDoesNotClearInvalidLegacyConfigDuringMigration" classname="com.splitmanager.ManagerSessionTest" time="0.004"/>
  <testcase name="testRosterOnlyEventsDoNotForkChildSessions" classname="com.splitmanager.ManagerSessionTest" time="0.004"/>
  <testcase name="testFileBackedSchemaUpgradeCreatesBackupAndWritesThreads" classname="com.splitmanager.ManagerSessionTest" time="0.012"/>
  <testcase name="testRemoveLeftRosterEventReactivatesPlayerForSettlement" classname="com.splitmanager.ManagerSessionTest" time="0.006"/>
  <testcase name="testMoveEventRejectsLeftBeforeJoined" classname="com.splitmanager.ManagerSessionTest" time="0.004"/>
  <testcase name="testRemoveEventsRepairsRosterAcrossJoinAndLeaveEventsInHistoryMode" classname="com.splitmanager.ManagerSessionTest" time="0.005"/>
  <testcase name="testComputeMetricsHandlesNullAndSkipsZeroInactivePlayers" classname="com.splitmanager.ManagerSessionTest" time="0.003"/>
  <testcase name="testDoesNotClearLegacyConfigWhenMigrationWriteFails" classname="com.splitmanager.ManagerSessionTest" time="0.007"/>
  <testcase name="testComputeMetricsAppliesConfiguredGeTax" classname="com.splitmanager.ManagerSessionTest" time="0.004"/>
  <testcase name="testCanStagePlayerAndSplitAdditionsInLoadedHistory" classname="com.splitmanager.ManagerSessionTest" time="0.005"/>
  <testcase name="testLoadAndUnloadHistory" classname="com.splitmanager.ManagerSessionTest" time="0.004"/>
  <testcase name="testHistoryLootEditValidationAndPlayerChanges" classname="com.splitmanager.ManagerSessionTest" time="0.004"/>
  <testcase name="testHistoryEditUndoStackKeepsMostRecentFiftySteps" classname="com.splitmanager.ManagerSessionTest" time="0.017"/>
  <testcase name="testPendingValuesCanBeRemovedAndAreCapped" classname="com.splitmanager.ManagerSessionTest" time="0.011"/>
  <testcase name="testMigratesProvidedLegacyProfileFileToVersionedSessionFile" classname="com.splitmanager.ManagerSessionTest" time="0.107"/>
  <testcase name="testImportHistorySessionsRejectsActiveSessions" classname="com.splitmanager.ManagerSessionTest" time="0.002"/>
  <testcase name="testComputeMetrics" classname="com.splitmanager.ManagerSessionTest" time="0.003"/>
  <testcase name="testInvalidRosterEventMoveInHistoryModePreservesMetrics" classname="com.splitmanager.ManagerSessionTest" time="0.005"/>
  <testcase name="testComputeMetricsComprehensive" classname="com.splitmanager.ManagerSessionTest" time="0.004"/>
  <testcase name="testApplyPendingValueToPlayer" classname="com.splitmanager.ManagerSessionTest" time="0.003"/>
  <testcase name="testGetAllEventsAfterReloadReturnsUnmodifiableListOnFirstCall" classname="com.splitmanager.ManagerSessionTest" time="0.002"/>
  <testcase name="testAddLootRejectsInvalidStatesAndPlayers" classname="com.splitmanager.ManagerSessionTest" time="0.001"/>
  <testcase name="testOrphanedSessionRejectsTimelineRebuilds" classname="com.splitmanager.ManagerSessionTest" time="0.001"/>
  <testcase name="testRemovingLeftWithLaterJoinRequiresRemovingLinkedJoin" classname="com.splitmanager.ManagerSessionTest" time="0.005"/>
  <testcase name="testNewSessionHistoryCarriesEditableVersion" classname="com.splitmanager.ManagerSessionTest" time="0.002"/>
  <testcase name="testAddPendingValue" classname="com.splitmanager.ManagerSessionTest" time="0.001"/>
  <testcase name="testGetAllEventsUsesCacheAndRebuildsAfterLoad" classname="com.splitmanager.ManagerSessionTest" time="0.003"/>
  <testcase name="testComputeMetricsFallsBackForInvalidGeTaxPercent" classname="com.splitmanager.ManagerSessionTest" time="0.003"/>
  <testcase name="testImportHistorySessionsRejectsChildWithoutMother" classname="com.splitmanager.ManagerSessionTest" time="0.002"/>
  <system-out><![CDATA[2026-07-21 14:19:08 CEST [Test worker] WARN  c.s.persistence.SessionStorage - Failed to load sessions from legacy config JSON
com.google.gson.JsonSyntaxException: java.lang.IllegalStateException: Expected BEGIN_ARRAY but was BEGIN_OBJECT at line 1 column 2 path $
	at com.google.gson.Gson.fromJson(Gson.java:939)
	at com.google.gson.Gson.fromJson(Gson.java:892)
	at com.google.gson.Gson.fromJson(Gson.java:841)
	at com.google.gson.Gson.fromJson(Gson.java:813)
	at com.splitmanager.persistence.SessionStorage.loadLegacy(SessionStorage.java:540)
	at com.splitmanager.persistence.SessionStorage.load(SessionStorage.java:140)
	at com.splitmanager.ManagerSession.loadPersistedData(ManagerSession.java:961)
	at com.splitmanager.ManagerSession.loadFromConfig(ManagerSession.java:897)
	at com.splitmanager.ManagerSessionTest.testHistoryAndConfigEdgeCases(ManagerSessionTest.java:1910)
	at java.base/jdk.internal.reflect.DirectMethodHandleAccessor.invoke(DirectMethodHandleAccessor.java:103)
	at java.base/java.lang.reflect.Method.invoke(Method.java:580)
	at org.junit.runners.model.FrameworkMethod$1.runReflectiveCall(FrameworkMethod.java:50)
	at org.junit.internal.runners.model.ReflectiveCallable.run(ReflectiveCallable.java:12)
	at org.junit.runners.model.FrameworkMethod.invokeExplosively(FrameworkMethod.java:47)
	at org.junit.internal.runners.statements.InvokeMethod.evaluate(InvokeMethod.java:17)
	at org.junit.internal.runners.statements.RunBefores.evaluate(RunBefores.java:26)
	at org.mockito.internal.runners.DefaultInternalRunner$1$1.evaluate(DefaultInternalRunner.java:55)
	at org.junit.rules.ExternalResource$1.evaluate(ExternalResource.java:48)
	at org.junit.rules.RunRules.evaluate(RunRules.java:20)
	at org.junit.runners.ParentRunner.runLeaf(ParentRunner.java:325)
	at org.junit.runners.BlockJUnit4ClassRunner.runChild(BlockJUnit4ClassRunner.java:78)
	at org.junit.runners.BlockJUnit4ClassRunner.runChild(BlockJUnit4ClassRunner.java:57)
	at org.junit.runners.ParentRunner$3.run(ParentRunner.java:290)
	at org.junit.runners.ParentRunner$1.schedule(ParentRunner.java:71)
	at org.junit.runners.ParentRunner.runChildren(ParentRunner.java:288)
	at org.junit.runners.ParentRunner.access$000(ParentRunner.java:58)
	at org.junit.runners.ParentRunner$2.evaluate(ParentRunner.java:268)
	at org.junit.runners.ParentRunner.run(ParentRunner.java:363)
	at org.mockito.internal.runners.DefaultInternalRunner$1.run(DefaultInternalRunner.java:100)
	at org.mockito.internal.runners.DefaultInternalRunner.run(DefaultInternalRunner.java:107)
	at org.mockito.internal.runners.StrictRunner.run(StrictRunner.java:41)
	at org.mockito.junit.MockitoJUnitRunner.run(MockitoJUnitRunner.java:163)
	at org.gradle.api.internal.tasks.testing.junit.JUnitTestClassExecutor.runTestClass(JUnitTestClassExecutor.java:112)
	at org.gradle.api.internal.tasks.testing.junit.JUnitTestClassExecutor.execute(JUnitTestClassExecutor.java:58)
	at org.gradle.api.internal.tasks.testing.junit.JUnitTestClassExecutor.execute(JUnitTestClassExecutor.java:40)
	at org.gradle.api.internal.tasks.testing.junit.AbstractJUnitTestClassProcessor.processTestClass(AbstractJUnitTestClassProcessor.java:54)
	at org.gradle.api.internal.tasks.testing.SuiteTestClassProcessor.processTestClass(SuiteTestClassProcessor.java:53)
	at java.base/jdk.internal.reflect.DirectMethodHandleAccessor.invoke(DirectMethodHandleAccessor.java:103)
	at java.base/java.lang.reflect.Method.invoke(Method.java:580)
	at org.gradle.internal.dispatch.ReflectionDispatch.dispatch(ReflectionDispatch.java:36)
	at org.gradle.internal.dispatch.ReflectionDispatch.dispatch(ReflectionDispatch.java:24)
	at org.gradle.internal.dispatch.ContextClassLoaderDispatch.dispatch(ContextClassLoaderDispatch.java:33)
	at org.gradle.internal.dispatch.ProxyDispatchAdapter$DispatchingInvocationHandler.invoke(ProxyDispatchAdapter.java:92)
	at jdk.proxy2/jdk.proxy2.$Proxy6.processTestClass(Unknown Source)
	at org.gradle.api.internal.tasks.testing.worker.TestWorker$2.run(TestWorker.java:183)
	at org.gradle.api.internal.tasks.testing.worker.TestWorker.executeAndMaintainThreadName(TestWorker.java:132)
	at org.gradle.api.internal.tasks.testing.worker.TestWorker.execute(TestWorker.java:103)
	at org.gradle.api.internal.tasks.testing.worker.TestWorker.execute(TestWorker.java:63)
	at org.gradle.process.internal.worker.child.ActionExecutionWorker.execute(ActionExecutionWorker.java:56)
	at org.gradle.process.internal.worker.child.SystemApplicationClassLoaderWorker.call(SystemApplicationClassLoaderWorker.java:121)
	at org.gradle.process.internal.worker.child.SystemApplicationClassLoaderWorker.call(SystemApplicationClassLoaderWorker.java:71)
	at worker.org.gradle.process.internal.worker.GradleWorkerMain.run(GradleWorkerMain.java:69)
	at worker.org.gradle.process.internal.worker.GradleWorkerMain.main(GradleWorkerMain.java:74)
Caused by: java.lang.IllegalStateException: Expected BEGIN_ARRAY but was BEGIN_OBJECT at line 1 column 2 path $
	at com.google.gson.stream.JsonReader.beginArray(JsonReader.java:350)
	at com.google.gson.internal.bind.ArrayTypeAdapter.read(ArrayTypeAdapter.java:70)
	at com.google.gson.Gson.fromJson(Gson.java:927)
	... 52 common frames omitted
2026-07-21 14:19:08 CEST [Test worker] WARN  c.s.persistence.SessionStorage - Failed to load sessions from legacy config JSON
com.google.gson.JsonSyntaxException: java.lang.IllegalStateException: Expected BEGIN_ARRAY but was BEGIN_OBJECT at line 1 column 2 path $
	at com.google.gson.Gson.fromJson(Gson.java:939)
	at com.google.gson.Gson.fromJson(Gson.java:892)
	at com.google.gson.Gson.fromJson(Gson.java:841)
	at com.google.gson.Gson.fromJson(Gson.java:813)
	at com.splitmanager.persistence.SessionStorage.loadLegacy(SessionStorage.java:540)
	at com.splitmanager.persistence.SessionStorage.load(SessionStorage.java:140)
	at com.splitmanager.ManagerSession.loadPersistedData(ManagerSession.java:961)
	at com.splitmanager.ManagerSession.loadFromConfig(ManagerSession.java:897)
	at com.splitmanager.ManagerSessionTest.testLoadFromConfigHandlesInvalidJson(ManagerSessionTest.java:1194)
	at java.base/jdk.internal.reflect.DirectMethodHandleAccessor.invoke(DirectMethodHandleAccessor.java:103)
	at java.base/java.lang.reflect.Method.invoke(Method.java:580)
	at org.junit.runners.model.FrameworkMethod$1.runReflectiveCall(FrameworkMethod.java:50)
	at org.junit.internal.runners.model.ReflectiveCallable.run(ReflectiveCallable.java:12)
	at org.junit.runners.model.FrameworkMethod.invokeExplosively(FrameworkMethod.java:47)
	at org.junit.internal.runners.statements.InvokeMethod.evaluate(InvokeMethod.java:17)
	at org.junit.internal.runners.statements.RunBefores.evaluate(RunBefores.java:26)
	at org.mockito.internal.runners.DefaultInternalRunner$1$1.evaluate(DefaultInternalRunner.java:55)
	at org.junit.rules.ExternalResource$1.evaluate(ExternalResource.java:48)
	at org.junit.rules.RunRules.evaluate(RunRules.java:20)
	at org.junit.runners.ParentRunner.runLeaf(ParentRunner.java:325)
	at org.junit.runners.BlockJUnit4ClassRunner.runChild(BlockJUnit4ClassRunner.java:78)
	at org.junit.runners.BlockJUnit4ClassRunner.runChild(BlockJUnit4ClassRunner.java:57)
	at org.junit.runners.ParentRunner$3.run(ParentRunner.java:290)
	at org.junit.runners.ParentRunner$1.schedule(ParentRunner.java:71)
	at org.junit.runners.ParentRunner.runChildren(ParentRunner.java:288)
	at org.junit.runners.ParentRunner.access$000(ParentRunner.java:58)
	at org.junit.runners.ParentRunner$2.evaluate(ParentRunner.java:268)
	at org.junit.runners.ParentRunner.run(ParentRunner.java:363)
	at org.mockito.internal.runners.DefaultInternalRunner$1.run(DefaultInternalRunner.java:100)
	at org.mockito.internal.runners.DefaultInternalRunner.run(DefaultInternalRunner.java:107)
	at org.mockito.internal.runners.StrictRunner.run(StrictRunner.java:41)
	at org.mockito.junit.MockitoJUnitRunner.run(MockitoJUnitRunner.java:163)
	at org.gradle.api.internal.tasks.testing.junit.JUnitTestClassExecutor.runTestClass(JUnitTestClassExecutor.java:112)
	at org.gradle.api.internal.tasks.testing.junit.JUnitTestClassExecutor.execute(JUnitTestClassExecutor.java:58)
	at org.gradle.api.internal.tasks.testing.junit.JUnitTestClassExecutor.execute(JUnitTestClassExecutor.java:40)
	at org.gradle.api.internal.tasks.testing.junit.AbstractJUnitTestClassProcessor.processTestClass(AbstractJUnitTestClassProcessor.java:54)
	at org.gradle.api.internal.tasks.testing.SuiteTestClassProcessor.processTestClass(SuiteTestClassProcessor.java:53)
	at java.base/jdk.internal.reflect.DirectMethodHandleAccessor.invoke(DirectMethodHandleAccessor.java:103)
	at java.base/java.lang.reflect.Method.invoke(Method.java:580)
	at org.gradle.internal.dispatch.ReflectionDispatch.dispatch(ReflectionDispatch.java:36)
	at org.gradle.internal.dispatch.ReflectionDispatch.dispatch(ReflectionDispatch.java:24)
	at org.gradle.internal.dispatch.ContextClassLoaderDispatch.dispatch(ContextClassLoaderDispatch.java:33)
	at org.gradle.internal.dispatch.ProxyDispatchAdapter$DispatchingInvocationHandler.invoke(ProxyDispatchAdapter.java:92)
	at jdk.proxy2/jdk.proxy2.$Proxy6.processTestClass(Unknown Source)
	at org.gradle.api.internal.tasks.testing.worker.TestWorker$2.run(TestWorker.java:183)
	at org.gradle.api.internal.tasks.testing.worker.TestWorker.executeAndMaintainThreadName(TestWorker.java:132)
	at org.gradle.api.internal.tasks.testing.worker.TestWorker.execute(TestWorker.java:103)
	at org.gradle.api.internal.tasks.testing.worker.TestWorker.execute(TestWorker.java:63)
	at org.gradle.process.internal.worker.child.ActionExecutionWorker.execute(ActionExecutionWorker.java:56)
	at org.gradle.process.internal.worker.child.SystemApplicationClassLoaderWorker.call(SystemApplicationClassLoaderWorker.java:121)
	at org.gradle.process.internal.worker.child.SystemApplicationClassLoaderWorker.call(SystemApplicationClassLoaderWorker.java:71)
	at worker.org.gradle.process.internal.worker.GradleWorkerMain.run(GradleWorkerMain.java:69)
	at worker.org.gradle.process.internal.worker.GradleWorkerMain.main(GradleWorkerMain.java:74)
Caused by: java.lang.IllegalStateException: Expected BEGIN_ARRAY but was BEGIN_OBJECT at line 1 column 2 path $
	at com.google.gson.stream.JsonReader.beginArray(JsonReader.java:350)
	at com.google.gson.internal.bind.ArrayTypeAdapter.read(ArrayTypeAdapter.java:70)
	at com.google.gson.Gson.fromJson(Gson.java:927)
	... 52 common frames omitted
2026-07-21 14:19:08 CEST [Test worker] WARN  com.splitmanager.ManagerSession - Persisted current session id missing was not found in persisted sessions
2026-07-21 14:19:08 CEST [Test worker] WARN  com.splitmanager.ManagerSession - Failed to parse GE tax minimum value not-an-amount; using default 8,75m
java.text.ParseException: Invalid amount
	at com.splitmanager.utils.Formats$OsrsAmountFormatter.stringToValue(Formats.java:230)
	at com.splitmanager.utils.Formats$OsrsAmountFormatter.stringAmountToLongAmount(Formats.java:209)
	at com.splitmanager.ManagerSession.parseGeTaxMinimumValue(ManagerSession.java:2186)
	at com.splitmanager.ManagerSession.buildGeTaxSettings(ManagerSession.java:2070)
	at com.splitmanager.ManagerSession.buildGeTaxSettings(ManagerSession.java:2058)
	at com.splitmanager.ManagerSession.computeMetricsFor(ManagerSession.java:2031)
	at com.splitmanager.ManagerSession.computeMetricsFor(ManagerSession.java:2006)
	at com.splitmanager.ManagerSessionTest.testComputeMetricsFallsBackForInvalidGeTaxMinimum(ManagerSessionTest.java:398)
	at java.base/jdk.internal.reflect.DirectMethodHandleAccessor.invoke(DirectMethodHandleAccessor.java:103)
	at java.base/java.lang.reflect.Method.invoke(Method.java:580)
	at org.junit.runners.model.FrameworkMethod$1.runReflectiveCall(FrameworkMethod.java:50)
	at org.junit.internal.runners.model.ReflectiveCallable.run(ReflectiveCallable.java:12)
	at org.junit.runners.model.FrameworkMethod.invokeExplosively(FrameworkMethod.java:47)
	at org.junit.internal.runners.statements.InvokeMethod.evaluate(InvokeMethod.java:17)
	at org.junit.internal.runners.statements.RunBefores.evaluate(RunBefores.java:26)
	at org.mockito.internal.runners.DefaultInternalRunner$1$1.evaluate(DefaultInternalRunner.java:55)
	at org.junit.rules.ExternalResource$1.evaluate(ExternalResource.java:48)
	at org.junit.rules.RunRules.evaluate(RunRules.java:20)
	at org.junit.runners.ParentRunner.runLeaf(ParentRunner.java:325)
	at org.junit.runners.BlockJUnit4ClassRunner.runChild(BlockJUnit4ClassRunner.java:78)
	at org.junit.runners.BlockJUnit4ClassRunner.runChild(BlockJUnit4ClassRunner.java:57)
	at org.junit.runners.ParentRunner$3.run(ParentRunner.java:290)
	at org.junit.runners.ParentRunner$1.schedule(ParentRunner.java:71)
	at org.junit.runners.ParentRunner.runChildren(ParentRunner.java:288)
	at org.junit.runners.ParentRunner.access$000(ParentRunner.java:58)
	at org.junit.runners.ParentRunner$2.evaluate(ParentRunner.java:268)
	at org.junit.runners.ParentRunner.run(ParentRunner.java:363)
	at org.mockito.internal.runners.DefaultInternalRunner$1.run(DefaultInternalRunner.java:100)
	at org.mockito.internal.runners.DefaultInternalRunner.run(DefaultInternalRunner.java:107)
	at org.mockito.internal.runners.StrictRunner.run(StrictRunner.java:41)
	at org.mockito.junit.MockitoJUnitRunner.run(MockitoJUnitRunner.java:163)
	at org.gradle.api.internal.tasks.testing.junit.JUnitTestClassExecutor.runTestClass(JUnitTestClassExecutor.java:112)
	at org.gradle.api.internal.tasks.testing.junit.JUnitTestClassExecutor.execute(JUnitTestClassExecutor.java:58)
	at org.gradle.api.internal.tasks.testing.junit.JUnitTestClassExecutor.execute(JUnitTestClassExecutor.java:40)
	at org.gradle.api.internal.tasks.testing.junit.AbstractJUnitTestClassProcessor.processTestClass(AbstractJUnitTestClassProcessor.java:54)
	at org.gradle.api.internal.tasks.testing.SuiteTestClassProcessor.processTestClass(SuiteTestClassProcessor.java:53)
	at java.base/jdk.internal.reflect.DirectMethodHandleAccessor.invoke(DirectMethodHandleAccessor.java:103)
	at java.base/java.lang.reflect.Method.invoke(Method.java:580)
	at org.gradle.internal.dispatch.ReflectionDispatch.dispatch(ReflectionDispatch.java:36)
	at org.gradle.internal.dispatch.ReflectionDispatch.dispatch(ReflectionDispatch.java:24)
	at org.gradle.internal.dispatch.ContextClassLoaderDispatch.dispatch(ContextClassLoaderDispatch.java:33)
	at org.gradle.internal.dispatch.ProxyDispatchAdapter$DispatchingInvocationHandler.invoke(ProxyDispatchAdapter.java:92)
	at jdk.proxy2/jdk.proxy2.$Proxy6.processTestClass(Unknown Source)
	at org.gradle.api.internal.tasks.testing.worker.TestWorker$2.run(TestWorker.java:183)
	at org.gradle.api.internal.tasks.testing.worker.TestWorker.executeAndMaintainThreadName(TestWorker.java:132)
	at org.gradle.api.internal.tasks.testing.worker.TestWorker.execute(TestWorker.java:103)
	at org.gradle.api.internal.tasks.testing.worker.TestWorker.execute(TestWorker.java:63)
	at org.gradle.process.internal.worker.child.ActionExecutionWorker.execute(ActionExecutionWorker.java:56)
	at org.gradle.process.internal.worker.child.SystemApplicationClassLoaderWorker.call(SystemApplicationClassLoaderWorker.java:121)
	at org.gradle.process.internal.worker.child.SystemApplicationClassLoaderWorker.call(SystemApplicationClassLoaderWorker.java:71)
	at worker.org.gradle.process.internal.worker.GradleWorkerMain.run(GradleWorkerMain.java:69)
	at worker.org.gradle.process.internal.worker.GradleWorkerMain.main(GradleWorkerMain.java:74)
2026-07-21 14:19:08 CEST [Test worker] WARN  com.splitmanager.ManagerSession - Failed to save sessions to stub storage
2026-07-21 14:19:08 CEST [Test worker] WARN  com.splitmanager.ManagerSession - Failed to save sessions to stub storage
2026-07-21 14:19:08 CEST [Test worker] WARN  com.splitmanager.ManagerSession - Failed to save sessions to stub storage
2026-07-21 14:19:08 CEST [Test worker] WARN  com.splitmanager.ManagerSession - Failed to parse GE tax minimum value bad-minimum; using default 8,75m
java.text.ParseException: Invalid amount
	at com.splitmanager.utils.Formats$OsrsAmountFormatter.stringToValue(Formats.java:230)
	at com.splitmanager.utils.Formats$OsrsAmountFormatter.stringAmountToLongAmount(Formats.java:209)
	at com.splitmanager.ManagerSession.parseGeTaxMinimumValue(ManagerSession.java:2186)
	at com.splitmanager.ManagerSession.buildGeTaxSettings(ManagerSession.java:2070)
	at com.splitmanager.ManagerSession.getGeTaxSettingsFor(ManagerSession.java:2077)
	at com.splitmanager.ManagerSessionTest.testPersistenceAndRemainingPublicDefensivePaths(ManagerSessionTest.java:2090)
	at java.base/jdk.internal.reflect.DirectMethodHandleAccessor.invoke(DirectMethodHandleAccessor.java:103)
	at java.base/java.lang.reflect.Method.invoke(Method.java:580)
	at org.junit.runners.model.FrameworkMethod$1.runReflectiveCall(FrameworkMethod.java:50)
	at org.junit.internal.runners.model.ReflectiveCallable.run(ReflectiveCallable.java:12)
	at org.junit.runners.model.FrameworkMethod.invokeExplosively(FrameworkMethod.java:47)
	at org.junit.internal.runners.statements.InvokeMethod.evaluate(InvokeMethod.java:17)
	at org.junit.internal.runners.statements.RunBefores.evaluate(RunBefores.java:26)
	at org.mockito.internal.runners.DefaultInternalRunner$1$1.evaluate(DefaultInternalRunner.java:55)
	at org.junit.rules.ExternalResource$1.evaluate(ExternalResource.java:48)
	at org.junit.rules.RunRules.evaluate(RunRules.java:20)
	at org.junit.runners.ParentRunner.runLeaf(ParentRunner.java:325)
	at org.junit.runners.BlockJUnit4ClassRunner.runChild(BlockJUnit4ClassRunner.java:78)
	at org.junit.runners.BlockJUnit4ClassRunner.runChild(BlockJUnit4ClassRunner.java:57)
	at org.junit.runners.ParentRunner$3.run(ParentRunner.java:290)
	at org.junit.runners.ParentRunner$1.schedule(ParentRunner.java:71)
	at org.junit.runners.ParentRunner.runChildren(ParentRunner.java:288)
	at org.junit.runners.ParentRunner.access$000(ParentRunner.java:58)
	at org.junit.runners.ParentRunner$2.evaluate(ParentRunner.java:268)
	at org.junit.runners.ParentRunner.run(ParentRunner.java:363)
	at org.mockito.internal.runners.DefaultInternalRunner$1.run(DefaultInternalRunner.java:100)
	at org.mockito.internal.runners.DefaultInternalRunner.run(DefaultInternalRunner.java:107)
	at org.mockito.internal.runners.StrictRunner.run(StrictRunner.java:41)
	at org.mockito.junit.MockitoJUnitRunner.run(MockitoJUnitRunner.java:163)
	at org.gradle.api.internal.tasks.testing.junit.JUnitTestClassExecutor.runTestClass(JUnitTestClassExecutor.java:112)
	at org.gradle.api.internal.tasks.testing.junit.JUnitTestClassExecutor.execute(JUnitTestClassExecutor.java:58)
	at org.gradle.api.internal.tasks.testing.junit.JUnitTestClassExecutor.execute(JUnitTestClassExecutor.java:40)
	at org.gradle.api.internal.tasks.testing.junit.AbstractJUnitTestClassProcessor.processTestClass(AbstractJUnitTestClassProcessor.java:54)
	at org.gradle.api.internal.tasks.testing.SuiteTestClassProcessor.processTestClass(SuiteTestClassProcessor.java:53)
	at java.base/jdk.internal.reflect.DirectMethodHandleAccessor.invoke(DirectMethodHandleAccessor.java:103)
	at java.base/java.lang.reflect.Method.invoke(Method.java:580)
	at org.gradle.internal.dispatch.ReflectionDispatch.dispatch(ReflectionDispatch.java:36)
	at org.gradle.internal.dispatch.ReflectionDispatch.dispatch(ReflectionDispatch.java:24)
	at org.gradle.internal.dispatch.ContextClassLoaderDispatch.dispatch(ContextClassLoaderDispatch.java:33)
	at org.gradle.internal.dispatch.ProxyDispatchAdapter$DispatchingInvocationHandler.invoke(ProxyDispatchAdapter.java:92)
	at jdk.proxy2/jdk.proxy2.$Proxy6.processTestClass(Unknown Source)
	at org.gradle.api.internal.tasks.testing.worker.TestWorker$2.run(TestWorker.java:183)
	at org.gradle.api.internal.tasks.testing.worker.TestWorker.executeAndMaintainThreadName(TestWorker.java:132)
	at org.gradle.api.internal.tasks.testing.worker.TestWorker.execute(TestWorker.java:103)
	at org.gradle.api.internal.tasks.testing.worker.TestWorker.execute(TestWorker.java:63)
	at org.gradle.process.internal.worker.child.ActionExecutionWorker.execute(ActionExecutionWorker.java:56)
	at org.gradle.process.internal.worker.child.SystemApplicationClassLoaderWorker.call(SystemApplicationClassLoaderWorker.java:121)
	at org.gradle.process.internal.worker.child.SystemApplicationClassLoaderWorker.call(SystemApplicationClassLoaderWorker.java:71)
	at worker.org.gradle.process.internal.worker.GradleWorkerMain.run(GradleWorkerMain.java:69)
	at worker.org.gradle.process.internal.worker.GradleWorkerMain.main(GradleWorkerMain.java:74)
2026-07-21 14:19:08 CEST [Test worker] WARN  com.splitmanager.ManagerSession - Invalid GE tax percent NaN; using default 2.0
2026-07-21 14:19:08 CEST [Test worker] WARN  com.splitmanager.ManagerSession - Failed to parse GE tax max per loot bad-maximum; using default 5m
java.text.ParseException: Invalid amount
	at com.splitmanager.utils.Formats$OsrsAmountFormatter.stringToValue(Formats.java:230)
	at com.splitmanager.utils.Formats$OsrsAmountFormatter.stringAmountToLongAmount(Formats.java:209)
	at com.splitmanager.ManagerSession.parseGeTaxMaxPerLoot(ManagerSession.java:2215)
	at com.splitmanager.ManagerSession.buildGeTaxSettings(ManagerSession.java:2072)
	at com.splitmanager.ManagerSession.getGeTaxSettingsFor(ManagerSession.java:2077)
	at com.splitmanager.ManagerSessionTest.testPersistenceAndRemainingPublicDefensivePaths(ManagerSessionTest.java:2090)
	at java.base/jdk.internal.reflect.DirectMethodHandleAccessor.invoke(DirectMethodHandleAccessor.java:103)
	at java.base/java.lang.reflect.Method.invoke(Method.java:580)
	at org.junit.runners.model.FrameworkMethod$1.runReflectiveCall(FrameworkMethod.java:50)
	at org.junit.internal.runners.model.ReflectiveCallable.run(ReflectiveCallable.java:12)
	at org.junit.runners.model.FrameworkMethod.invokeExplosively(FrameworkMethod.java:47)
	at org.junit.internal.runners.statements.InvokeMethod.evaluate(InvokeMethod.java:17)
	at org.junit.internal.runners.statements.RunBefores.evaluate(RunBefores.java:26)
	at org.mockito.internal.runners.DefaultInternalRunner$1$1.evaluate(DefaultInternalRunner.java:55)
	at org.junit.rules.ExternalResource$1.evaluate(ExternalResource.java:48)
	at org.junit.rules.RunRules.evaluate(RunRules.java:20)
	at org.junit.runners.ParentRunner.runLeaf(ParentRunner.java:325)
	at org.junit.runners.BlockJUnit4ClassRunner.runChild(BlockJUnit4ClassRunner.java:78)
	at org.junit.runners.BlockJUnit4ClassRunner.runChild(BlockJUnit4ClassRunner.java:57)
	at org.junit.runners.ParentRunner$3.run(ParentRunner.java:290)
	at org.junit.runners.ParentRunner$1.schedule(ParentRunner.java:71)
	at org.junit.runners.ParentRunner.runChildren(ParentRunner.java:288)
	at org.junit.runners.ParentRunner.access$000(ParentRunner.java:58)
	at org.junit.runners.ParentRunner$2.evaluate(ParentRunner.java:268)
	at org.junit.runners.ParentRunner.run(ParentRunner.java:363)
	at org.mockito.internal.runners.DefaultInternalRunner$1.run(DefaultInternalRunner.java:100)
	at org.mockito.internal.runners.DefaultInternalRunner.run(DefaultInternalRunner.java:107)
	at org.mockito.internal.runners.StrictRunner.run(StrictRunner.java:41)
	at org.mockito.junit.MockitoJUnitRunner.run(MockitoJUnitRunner.java:163)
	at org.gradle.api.internal.tasks.testing.junit.JUnitTestClassExecutor.runTestClass(JUnitTestClassExecutor.java:112)
	at org.gradle.api.internal.tasks.testing.junit.JUnitTestClassExecutor.execute(JUnitTestClassExecutor.java:58)
	at org.gradle.api.internal.tasks.testing.junit.JUnitTestClassExecutor.execute(JUnitTestClassExecutor.java:40)
	at org.gradle.api.internal.tasks.testing.junit.AbstractJUnitTestClassProcessor.processTestClass(AbstractJUnitTestClassProcessor.java:54)
	at org.gradle.api.internal.tasks.testing.SuiteTestClassProcessor.processTestClass(SuiteTestClassProcessor.java:53)
	at java.base/jdk.internal.reflect.DirectMethodHandleAccessor.invoke(DirectMethodHandleAccessor.java:103)
	at java.base/java.lang.reflect.Method.invoke(Method.java:580)
	at org.gradle.internal.dispatch.ReflectionDispatch.dispatch(ReflectionDispatch.java:36)
	at org.gradle.internal.dispatch.ReflectionDispatch.dispatch(ReflectionDispatch.java:24)
	at org.gradle.internal.dispatch.ContextClassLoaderDispatch.dispatch(ContextClassLoaderDispatch.java:33)
	at org.gradle.internal.dispatch.ProxyDispatchAdapter$DispatchingInvocationHandler.invoke(ProxyDispatchAdapter.java:92)
	at jdk.proxy2/jdk.proxy2.$Proxy6.processTestClass(Unknown Source)
	at org.gradle.api.internal.tasks.testing.worker.TestWorker$2.run(TestWorker.java:183)
	at org.gradle.api.internal.tasks.testing.worker.TestWorker.executeAndMaintainThreadName(TestWorker.java:132)
	at org.gradle.api.internal.tasks.testing.worker.TestWorker.execute(TestWorker.java:103)
	at org.gradle.api.internal.tasks.testing.worker.TestWorker.execute(TestWorker.java:63)
	at org.gradle.process.internal.worker.child.ActionExecutionWorker.execute(ActionExecutionWorker.java:56)
	at org.gradle.process.internal.worker.child.SystemApplicationClassLoaderWorker.call(SystemApplicationClassLoaderWorker.java:121)
	at org.gradle.process.internal.worker.child.SystemApplicationClassLoaderWorker.call(SystemApplicationClassLoaderWorker.java:71)
	at worker.org.gradle.process.internal.worker.GradleWorkerMain.run(GradleWorkerMain.java:69)
	at worker.org.gradle.process.internal.worker.GradleWorkerMain.main(GradleWorkerMain.java:74)
2026-07-21 14:19:08 CEST [Test worker] WARN  c.s.persistence.SessionStorage - Cannot save session storage because no RuneLite profile file could be resolved
2026-07-21 14:19:08 CEST [Test worker] WARN  com.splitmanager.ManagerSession - Failed to save sessions to unresolved session storage
2026-07-21 14:19:08 CEST [Test worker] WARN  c.s.persistence.SessionStorage - Legacy session config JSON is invalid and will not be migrated
com.google.gson.JsonSyntaxException: java.lang.IllegalStateException: Expected BEGIN_ARRAY but was BEGIN_OBJECT at line 1 column 2 path $
	at com.google.gson.Gson.fromJson(Gson.java:939)
	at com.google.gson.Gson.fromJson(Gson.java:892)
	at com.google.gson.Gson.fromJson(Gson.java:841)
	at com.google.gson.Gson.fromJson(Gson.java:813)
	at com.splitmanager.persistence.SessionStorage.canMigrateLegacy(SessionStorage.java:522)
	at com.splitmanager.ManagerSession.loadPersistedData(ManagerSession.java:968)
	at com.splitmanager.ManagerSession.loadFromConfig(ManagerSession.java:897)
	at com.splitmanager.ManagerSessionTest.testDoesNotClearInvalidLegacyConfigDuringMigration(ManagerSessionTest.java:1033)
	at java.base/jdk.internal.reflect.DirectMethodHandleAccessor.invoke(DirectMethodHandleAccessor.java:103)
	at java.base/java.lang.reflect.Method.invoke(Method.java:580)
	at org.junit.runners.model.FrameworkMethod$1.runReflectiveCall(FrameworkMethod.java:50)
	at org.junit.internal.runners.model.ReflectiveCallable.run(ReflectiveCallable.java:12)
	at org.junit.runners.model.FrameworkMethod.invokeExplosively(FrameworkMethod.java:47)
	at org.junit.internal.runners.statements.InvokeMethod.evaluate(InvokeMethod.java:17)
	at org.junit.internal.runners.statements.RunBefores.evaluate(RunBefores.java:26)
	at org.mockito.internal.runners.DefaultInternalRunner$1$1.evaluate(DefaultInternalRunner.java:55)
	at org.junit.rules.ExternalResource$1.evaluate(ExternalResource.java:48)
	at org.junit.rules.RunRules.evaluate(RunRules.java:20)
	at org.junit.runners.ParentRunner.runLeaf(ParentRunner.java:325)
	at org.junit.runners.BlockJUnit4ClassRunner.runChild(BlockJUnit4ClassRunner.java:78)
	at org.junit.runners.BlockJUnit4ClassRunner.runChild(BlockJUnit4ClassRunner.java:57)
	at org.junit.runners.ParentRunner$3.run(ParentRunner.java:290)
	at org.junit.runners.ParentRunner$1.schedule(ParentRunner.java:71)
	at org.junit.runners.ParentRunner.runChildren(ParentRunner.java:288)
	at org.junit.runners.ParentRunner.access$000(ParentRunner.java:58)
	at org.junit.runners.ParentRunner$2.evaluate(ParentRunner.java:268)
	at org.junit.runners.ParentRunner.run(ParentRunner.java:363)
	at org.mockito.internal.runners.DefaultInternalRunner$1.run(DefaultInternalRunner.java:100)
	at org.mockito.internal.runners.DefaultInternalRunner.run(DefaultInternalRunner.java:107)
	at org.mockito.internal.runners.StrictRunner.run(StrictRunner.java:41)
	at org.mockito.junit.MockitoJUnitRunner.run(MockitoJUnitRunner.java:163)
	at org.gradle.api.internal.tasks.testing.junit.JUnitTestClassExecutor.runTestClass(JUnitTestClassExecutor.java:112)
	at org.gradle.api.internal.tasks.testing.junit.JUnitTestClassExecutor.execute(JUnitTestClassExecutor.java:58)
	at org.gradle.api.internal.tasks.testing.junit.JUnitTestClassExecutor.execute(JUnitTestClassExecutor.java:40)
	at org.gradle.api.internal.tasks.testing.junit.AbstractJUnitTestClassProcessor.processTestClass(AbstractJUnitTestClassProcessor.java:54)
	at org.gradle.api.internal.tasks.testing.SuiteTestClassProcessor.processTestClass(SuiteTestClassProcessor.java:53)
	at java.base/jdk.internal.reflect.DirectMethodHandleAccessor.invoke(DirectMethodHandleAccessor.java:103)
	at java.base/java.lang.reflect.Method.invoke(Method.java:580)
	at org.gradle.internal.dispatch.ReflectionDispatch.dispatch(ReflectionDispatch.java:36)
	at org.gradle.internal.dispatch.ReflectionDispatch.dispatch(ReflectionDispatch.java:24)
	at org.gradle.internal.dispatch.ContextClassLoaderDispatch.dispatch(ContextClassLoaderDispatch.java:33)
	at org.gradle.internal.dispatch.ProxyDispatchAdapter$DispatchingInvocationHandler.invoke(ProxyDispatchAdapter.java:92)
	at jdk.proxy2/jdk.proxy2.$Proxy6.processTestClass(Unknown Source)
	at org.gradle.api.internal.tasks.testing.worker.TestWorker$2.run(TestWorker.java:183)
	at org.gradle.api.internal.tasks.testing.worker.TestWorker.executeAndMaintainThreadName(TestWorker.java:132)
	at org.gradle.api.internal.tasks.testing.worker.TestWorker.execute(TestWorker.java:103)
	at org.gradle.api.internal.tasks.testing.worker.TestWorker.execute(TestWorker.java:63)
	at org.gradle.process.internal.worker.child.ActionExecutionWorker.execute(ActionExecutionWorker.java:56)
	at org.gradle.process.internal.worker.child.SystemApplicationClassLoaderWorker.call(SystemApplicationClassLoaderWorker.java:121)
	at org.gradle.process.internal.worker.child.SystemApplicationClassLoaderWorker.call(SystemApplicationClassLoaderWorker.java:71)
	at worker.org.gradle.process.internal.worker.GradleWorkerMain.run(GradleWorkerMain.java:69)
	at worker.org.gradle.process.internal.worker.GradleWorkerMain.main(GradleWorkerMain.java:74)
Caused by: java.lang.IllegalStateException: Expected BEGIN_ARRAY but was BEGIN_OBJECT at line 1 column 2 path $
	at com.google.gson.stream.JsonReader.beginArray(JsonReader.java:350)
	at com.google.gson.internal.bind.ArrayTypeAdapter.read(ArrayTypeAdapter.java:70)
	at com.google.gson.Gson.fromJson(Gson.java:927)
	... 51 common frames omitted
2026-07-21 14:19:08 CEST [Test worker] WARN  c.s.persistence.SessionStorage - Failed to save session storage to /tmp/junit1777078584176547011/not-a-directory/sessions.json
java.nio.file.FileAlreadyExistsException: /tmp/junit1777078584176547011/not-a-directory
	at java.base/sun.nio.fs.UnixException.translateToIOException(UnixException.java:94)
	at java.base/sun.nio.fs.UnixException.rethrowAsIOException(UnixException.java:106)
	at java.base/sun.nio.fs.UnixException.rethrowAsIOException(UnixException.java:111)
	at java.base/sun.nio.fs.UnixFileSystemProvider.createDirectory(UnixFileSystemProvider.java:462)
	at java.base/java.nio.file.Files.createDirectory(Files.java:700)
	at java.base/java.nio.file.Files.createAndCheckIsDirectory(Files.java:808)
	at java.base/java.nio.file.Files.createDirectories(Files.java:753)
	at com.splitmanager.persistence.SessionStorage.writeDataToFile(SessionStorage.java:238)
	at com.splitmanager.persistence.SessionStorage.save(SessionStorage.java:186)
	at com.splitmanager.ManagerSession.loadPersistedData(ManagerSession.java:974)
	at com.splitmanager.ManagerSession.loadFromConfig(ManagerSession.java:897)
	at com.splitmanager.ManagerSessionTest.testDoesNotClearLegacyConfigWhenMigrationWriteFails(ManagerSessionTest.java:1017)
	at java.base/jdk.internal.reflect.DirectMethodHandleAccessor.invoke(DirectMethodHandleAccessor.java:103)
	at java.base/java.lang.reflect.Method.invoke(Method.java:580)
	at org.junit.runners.model.FrameworkMethod$1.runReflectiveCall(FrameworkMethod.java:50)
	at org.junit.internal.runners.model.ReflectiveCallable.run(ReflectiveCallable.java:12)
	at org.junit.runners.model.FrameworkMethod.invokeExplosively(FrameworkMethod.java:47)
	at org.junit.internal.runners.statements.InvokeMethod.evaluate(InvokeMethod.java:17)
	at org.junit.internal.runners.statements.RunBefores.evaluate(RunBefores.java:26)
	at org.mockito.internal.runners.DefaultInternalRunner$1$1.evaluate(DefaultInternalRunner.java:55)
	at org.junit.rules.ExternalResource$1.evaluate(ExternalResource.java:48)
	at org.junit.rules.RunRules.evaluate(RunRules.java:20)
	at org.junit.runners.ParentRunner.runLeaf(ParentRunner.java:325)
	at org.junit.runners.BlockJUnit4ClassRunner.runChild(BlockJUnit4ClassRunner.java:78)
	at org.junit.runners.BlockJUnit4ClassRunner.runChild(BlockJUnit4ClassRunner.java:57)
	at org.junit.runners.ParentRunner$3.run(ParentRunner.java:290)
	at org.junit.runners.ParentRunner$1.schedule(ParentRunner.java:71)
	at org.junit.runners.ParentRunner.runChildren(ParentRunner.java:288)
	at org.junit.runners.ParentRunner.access$000(ParentRunner.java:58)
	at org.junit.runners.ParentRunner$2.evaluate(ParentRunner.java:268)
	at org.junit.runners.ParentRunner.run(ParentRunner.java:363)
	at org.mockito.internal.runners.DefaultInternalRunner$1.run(DefaultInternalRunner.java:100)
	at org.mockito.internal.runners.DefaultInternalRunner.run(DefaultInternalRunner.java:107)
	at org.mockito.internal.runners.StrictRunner.run(StrictRunner.java:41)
	at org.mockito.junit.MockitoJUnitRunner.run(MockitoJUnitRunner.java:163)
	at org.gradle.api.internal.tasks.testing.junit.JUnitTestClassExecutor.runTestClass(JUnitTestClassExecutor.java:112)
	at org.gradle.api.internal.tasks.testing.junit.JUnitTestClassExecutor.execute(JUnitTestClassExecutor.java:58)
	at org.gradle.api.internal.tasks.testing.junit.JUnitTestClassExecutor.execute(JUnitTestClassExecutor.java:40)
	at org.gradle.api.internal.tasks.testing.junit.AbstractJUnitTestClassProcessor.processTestClass(AbstractJUnitTestClassProcessor.java:54)
	at org.gradle.api.internal.tasks.testing.SuiteTestClassProcessor.processTestClass(SuiteTestClassProcessor.java:53)
	at java.base/jdk.internal.reflect.DirectMethodHandleAccessor.invoke(DirectMethodHandleAccessor.java:103)
	at java.base/java.lang.reflect.Method.invoke(Method.java:580)
	at org.gradle.internal.dispatch.ReflectionDispatch.dispatch(ReflectionDispatch.java:36)
	at org.gradle.internal.dispatch.ReflectionDispatch.dispatch(ReflectionDispatch.java:24)
	at org.gradle.internal.dispatch.ContextClassLoaderDispatch.dispatch(ContextClassLoaderDispatch.java:33)
	at org.gradle.internal.dispatch.ProxyDispatchAdapter$DispatchingInvocationHandler.invoke(ProxyDispatchAdapter.java:92)
	at jdk.proxy2/jdk.proxy2.$Proxy6.processTestClass(Unknown Source)
	at org.gradle.api.internal.tasks.testing.worker.TestWorker$2.run(TestWorker.java:183)
	at org.gradle.api.internal.tasks.testing.worker.TestWorker.executeAndMaintainThreadName(TestWorker.java:132)
	at org.gradle.api.internal.tasks.testing.worker.TestWorker.execute(TestWorker.java:103)
	at org.gradle.api.internal.tasks.testing.worker.TestWorker.execute(TestWorker.java:63)
	at org.gradle.process.internal.worker.child.ActionExecutionWorker.execute(ActionExecutionWorker.java:56)
	at org.gradle.process.internal.worker.child.SystemApplicationClassLoaderWorker.call(SystemApplicationClassLoaderWorker.java:121)
	at org.gradle.process.internal.worker.child.SystemApplicationClassLoaderWorker.call(SystemApplicationClassLoaderWorker.java:71)
	at worker.org.gradle.process.internal.worker.GradleWorkerMain.run(GradleWorkerMain.java:69)
	at worker.org.gradle.process.internal.worker.GradleWorkerMain.main(GradleWorkerMain.java:74)
2026-07-21 14:19:08 CEST [Test worker] WARN  com.splitmanager.ManagerSession - Legacy session config was not cleared because migration to /tmp/junit1777078584176547011/not-a-directory/sessions.json failed
2026-07-21 14:19:08 CEST [Test worker] WARN  com.splitmanager.ManagerSession - Invalid GE tax percent -1.0; using default 2.0
]]></system-out>
  <system-err><![CDATA[]]></system-err>
</testsuite>
