<?xml version="1.0" encoding="UTF-8" standalone="yes"?><!DOCTYPE report PUBLIC "-//JACOCO//DTD Report 1.1//EN" "report.dtd"><report name="community-lootshare"><sessioninfo id="Loulord-7dfa7eea" start="1784636345284" dump="1784636350329"/><package name="com/communitylootshare"><class name="com/communitylootshare/CommunityLootsharePlugin" sourcefilename="CommunityLootsharePlugin.java"><method name="&lt;init&gt;" desc="()V" line="11"><counter type="INSTRUCTION" missed="3" covered="0"/><counter type="LINE" missed="1" covered="0"/><counter type="COMPLEXITY" missed="1" covered="0"/><counter type="METHOD" missed="1" covered="0"/></method><method name="provideConfig" desc="(Lnet/runelite/client/config/ConfigManager;)Lcom/communitylootshare/CommunityLootshareConfig;" line="19"><counter type="INSTRUCTION" missed="5" covered="0"/><counter type="LINE" missed="1" covered="0"/><counter type="COMPLEXITY" missed="1" covered="0"/><counter type="METHOD" missed="1" covered="0"/></method><counter type="INSTRUCTION" missed="8" covered="0"/><counter type="LINE" missed="2" covered="0"/><counter type="COMPLEXITY" missed="2" covered="0"/><counter type="METHOD" missed="2" covered="0"/><counter type="CLASS" missed="1" covered="0"/></class><class name="com/communitylootshare/CommunityLootshareConfig" sourcefilename="CommunityLootshareConfig.java"/><sourcefile name="CommunityLootshareConfig.java"/><sourcefile name="CommunityLootsharePlugin.java"><line nr="11" mi="3" ci="0" mb="0" cb="0"/><line nr="19" mi="5" ci="0" mb="0" cb="0"/><counter type="INSTRUCTION" missed="8" covered="0"/><counter type="LINE" missed="2" covered="0"/><counter type="COMPLEXITY" missed="2" covered="0"/><counter type="METHOD" missed="2" covered="0"/><counter type="CLASS" missed="1" covered="0"/></sourcefile><counter type="INSTRUCTION" missed="8" covered="0"/><counter type="LINE" missed="2" covered="0"/><counter type="COMPLEXITY" missed="2" covered="0"/><counter type="METHOD" missed="2" covered="0"/><counter type="CLASS" missed="1" covered="0"/></package><package name="com/splitmanager"><class name="com/splitmanager/ManagerSession$TimelineValidation" sourcefilename="ManagerSession.java"><method name="&lt;init&gt;" desc="(ZLjava/lang/String;)V" line="801"><counter type="INSTRUCTION" missed="0" covered="9"/><counter type="LINE" missed="0" covered="4"/><counter type="COMPLEXITY" missed="0" covered="1"/><counter type="METHOD" missed="0" covered="1"/></method><method name="valid" desc="()Lcom/splitmanager/ManagerSession$TimelineValidation;" line="808"><counter type="INSTRUCTION" missed="0" covered="6"/><counter type="LINE" missed="0" covered="1"/><counter type="COMPLEXITY" missed="0" covered="1"/><counter type="METHOD" missed="0" covered="1"/></method><method name="invalid" desc="(Ljava/lang/String;)Lcom/splitmanager/ManagerSession$TimelineValidation;" line="813"><counter type="INSTRUCTION" missed="0" covered="6"/><counter type="LINE" missed="0" covered="1"/><counter type="COMPLEXITY" missed="0" covered="1"/><counter type="METHOD" missed="0" covered="1"/></method><counter type="INSTRUCTION" missed="0" covered="21"/><counter type="LINE" missed="0" covered="6"/><counter type="COMPLEXITY" missed="0" covered="3"/><counter type="METHOD" missed="0" covered="3"/><counter type="CLASS" missed="0" covered="1"/></class><class name="com/splitmanager/ManagerSession" sourcefilename="ManagerSession.java"><method name="&lt;init&gt;" desc="(Lcom/splitmanager/PluginConfig;Lcom/splitmanager/ManagerKnownPlayers;Lcom/splitmanager/ManagerPlugin;Lcom/google/gson/Gson;Lcom/splitmanager/persistence/SessionStorage;)V" line="53"><counter type="INSTRUCTION" missed="0" covered="55"/><counter type="LINE" missed="0" covered="15"/><counter type="COMPLEXITY" missed="0" covered="1"/><counter type="METHOD" missed="0" covered="1"/></method><method name="&lt;init&gt;" desc="(Lcom/splitmanager/PluginConfig;Lcom/splitmanager/ManagerKnownPlayers;Lcom/splitmanager/ManagerPlugin;Lcom/google/gson/Gson;)V" line="98"><counter type="INSTRUCTION" missed="0" covered="10"/><counter type="LINE" missed="0" covered="2"/><counter type="COMPLEXITY" missed="0" covered="1"/><counter type="METHOD" missed="0" covered="1"/></method><method name="emptyToNull" desc="(Ljava/lang/String;)Ljava/lang/String;" line="106"><counter type="INSTRUCTION" missed="0" covered="9"/><counter type="BRANCH" missed="1" covered="3"/><counter type="LINE" missed="0" covered="1"/><counter type="COMPLEXITY" missed="1" covered="2"/><counter type="METHOD" missed="0" covered="1"/></method><method name="invalidateEventsCache" desc="()V" line="114"><counter type="INSTRUCTION" missed="0" covered="6"/><counter type="LINE" missed="0" covered="2"/><counter type="COMPLEXITY" missed="0" covered="1"/><counter type="METHOD" missed="0" covered="1"/></method><method name="insertLootAt" desc="(ILjava/lang/String;Ljava/lang/Long;)V" line="122"><counter type="INSTRUCTION" missed="0" covered="106"/><counter type="BRANCH" missed="2" covered="20"/><counter type="LINE" missed="0" covered="28"/><counter type="COMPLEXITY" missed="2" covered="10"/><counter type="METHOD" missed="0" covered="1"/></method><method name="removeEventAt" desc="(I)Z" line="174"><counter type="INSTRUCTION" missed="0" covered="6"/><counter type="LINE" missed="0" covered="1"/><counter type="COMPLEXITY" missed="0" covered="1"/><counter type="METHOD" missed="0" covered="1"/></method><method name="removeEventsAt" desc="(Ljava/util/List;)Z" line="179"><counter type="INSTRUCTION" missed="4" covered="107"/><counter type="BRANCH" missed="7" covered="15"/><counter type="LINE" missed="2" covered="27"/><counter type="COMPLEXITY" missed="7" covered="5"/><counter type="METHOD" missed="0" covered="1"/></method><method name="moveEvent" desc="(II)Z" line="227"><counter type="INSTRUCTION" missed="0" covered="108"/><counter type="BRANCH" missed="4" covered="16"/><counter type="LINE" missed="0" covered="26"/><counter type="COMPLEXITY" missed="4" covered="7"/><counter type="METHOD" missed="0" covered="1"/></method><method name="updateHistoryLootEventAt" desc="(ILjava/lang/String;Ljava/lang/Long;)Z" line="272"><counter type="INSTRUCTION" missed="0" covered="143"/><counter type="BRANCH" missed="4" covered="34"/><counter type="LINE" missed="0" covered="38"/><counter type="COMPLEXITY" missed="4" covered="16"/><counter type="METHOD" missed="0" covered="1"/></method><method name="getLastMoveEventFailureMessage" desc="()Ljava/lang/String;" line="345"><counter type="INSTRUCTION" missed="0" covered="3"/><counter type="LINE" missed="0" covered="1"/><counter type="COMPLEXITY" missed="0" covered="1"/><counter type="METHOD" missed="0" covered="1"/></method><method name="rejectMove" desc="(Ljava/lang/String;)Z" line="350"><counter type="INSTRUCTION" missed="0" covered="5"/><counter type="LINE" missed="0" covered="2"/><counter type="COMPLEXITY" missed="0" covered="1"/><counter type="METHOD" missed="0" covered="1"/></method><method name="applyRosterEvent" desc="(Ljava/util/Set;Lcom/splitmanager/models/SplitEvent;)V" line="356"><counter type="INSTRUCTION" missed="1" covered="27"/><counter type="BRANCH" missed="3" covered="5"/><counter type="LINE" missed="1" covered="6"/><counter type="COMPLEXITY" missed="3" covered="2"/><counter type="METHOD" missed="0" covered="1"/></method><method name="addPlayerName" desc="(Ljava/util/Set;Ljava/lang/String;)V" line="372"><counter type="INSTRUCTION" missed="1" covered="20"/><counter type="BRANCH" missed="1" covered="3"/><counter type="LINE" missed="1" covered="5"/><counter type="COMPLEXITY" missed="1" covered="2"/><counter type="METHOD" missed="0" covered="1"/></method><method name="removePlayerName" desc="(Ljava/util/Set;Ljava/lang/String;)V" line="384"><counter type="INSTRUCTION" missed="0" covered="6"/><counter type="LINE" missed="0" covered="2"/><counter type="COMPLEXITY" missed="0" covered="1"/><counter type="METHOD" missed="0" covered="1"/></method><method name="copyEventForSession" desc="(Lcom/splitmanager/models/SplitEvent;Ljava/lang/String;)Lcom/splitmanager/models/SplitEvent;" line="389"><counter type="INSTRUCTION" missed="0" covered="17"/><counter type="LINE" missed="0" covered="3"/><counter type="COMPLEXITY" missed="0" covered="1"/><counter type="METHOD" missed="0" covered="1"/></method><method name="copyEventsPreservingSessionIds" desc="(Ljava/util/List;)Ljava/util/List;" line="396"><counter type="INSTRUCTION" missed="0" covered="27"/><counter type="BRANCH" missed="1" covered="3"/><counter type="LINE" missed="0" covered="6"/><counter type="COMPLEXITY" missed="1" covered="2"/><counter type="METHOD" missed="0" covered="1"/></method><method name="sameNullableString" desc="(Ljava/lang/String;Ljava/lang/String;)Z" line="409"><counter type="INSTRUCTION" missed="6" covered="6"/><counter type="BRANCH" missed="3" covered="1"/><counter type="LINE" missed="1" covered="2"/><counter type="COMPLEXITY" missed="2" covered="1"/><counter type="METHOD" missed="0" covered="1"/></method><method name="canUndoHistoryEdit" desc="()Z" line="418"><counter type="INSTRUCTION" missed="0" covered="8"/><counter type="BRANCH" missed="0" covered="2"/><counter type="LINE" missed="0" covered="1"/><counter type="COMPLEXITY" missed="0" covered="2"/><counter type="METHOD" missed="0" covered="1"/></method><method name="canRedoHistoryEdit" desc="()Z" line="423"><counter type="INSTRUCTION" missed="0" covered="8"/><counter type="BRANCH" missed="0" covered="2"/><counter type="LINE" missed="0" covered="1"/><counter type="COMPLEXITY" missed="0" covered="2"/><counter type="METHOD" missed="0" covered="1"/></method><method name="undoHistoryEdit" desc="()Z" line="428"><counter type="INSTRUCTION" missed="0" covered="28"/><counter type="BRANCH" missed="0" covered="2"/><counter type="LINE" missed="0" covered="7"/><counter type="COMPLEXITY" missed="0" covered="2"/><counter type="METHOD" missed="0" covered="1"/></method><method name="redoHistoryEdit" desc="()Z" line="442"><counter type="INSTRUCTION" missed="0" covered="27"/><counter type="BRANCH" missed="0" covered="2"/><counter type="LINE" missed="0" covered="7"/><counter type="COMPLEXITY" missed="0" covered="2"/><counter type="METHOD" missed="0" covered="1"/></method><method name="clearHistoryEditUndo" desc="()V" line="456"><counter type="INSTRUCTION" missed="0" covered="7"/><counter type="LINE" missed="0" covered="3"/><counter type="COMPLEXITY" missed="0" covered="1"/><counter type="METHOD" missed="0" covered="1"/></method><method name="captureHistoryEditSnapshot" desc="()Lcom/splitmanager/ManagerSession$HistoryEditSnapshot;" line="462"><counter type="INSTRUCTION" missed="0" covered="14"/><counter type="LINE" missed="0" covered="1"/><counter type="COMPLEXITY" missed="0" covered="1"/><counter type="METHOD" missed="0" covered="1"/></method><method name="pushHistoryEditUndoSnapshot" desc="(Lcom/splitmanager/ManagerSession$HistoryEditSnapshot;)V" line="467"><counter type="INSTRUCTION" missed="0" covered="5"/><counter type="LINE" missed="0" covered="2"/><counter type="COMPLEXITY" missed="0" covered="1"/><counter type="METHOD" missed="0" covered="1"/></method><method name="pushHistoryEditUndoSnapshot" desc="(Lcom/splitmanager/ManagerSession$HistoryEditSnapshot;Z)V" line="472"><counter type="INSTRUCTION" missed="1" covered="24"/><counter type="BRANCH" missed="1" covered="5"/><counter type="LINE" missed="1" covered="7"/><counter type="COMPLEXITY" missed="1" covered="3"/><counter type="METHOD" missed="0" covered="1"/></method><method name="restoreHistoryEditSnapshot" desc="(Lcom/splitmanager/ManagerSession$HistoryEditSnapshot;)V" line="489"><counter type="INSTRUCTION" missed="1" covered="33"/><counter type="BRANCH" missed="1" covered="3"/><counter type="LINE" missed="1" covered="10"/><counter type="COMPLEXITY" missed="1" covered="2"/><counter type="METHOD" missed="0" covered="1"/></method><method name="copySessions" desc="(Ljava/util/Map;)Ljava/util/LinkedHashMap;" line="507"><counter type="INSTRUCTION" missed="0" covered="33"/><counter type="BRANCH" missed="1" covered="3"/><counter type="LINE" missed="0" covered="7"/><counter type="COMPLEXITY" missed="1" covered="2"/><counter type="METHOD" missed="0" covered="1"/></method><method name="copySessionSnapshot" desc="(Lcom/splitmanager/models/Session;)Lcom/splitmanager/models/Session;" line="521"><counter type="INSTRUCTION" missed="0" covered="73"/><counter type="BRANCH" missed="1" covered="3"/><counter type="LINE" missed="0" covered="13"/><counter type="COMPLEXITY" missed="1" covered="2"/><counter type="METHOD" missed="0" covered="1"/></method><method name="copySettlementConfigSnapshot" desc="(Lcom/splitmanager/models/SettlementConfigSnapshot;)Lcom/splitmanager/models/SettlementConfigSnapshot;" line="541"><counter type="INSTRUCTION" missed="0" covered="16"/><counter type="BRANCH" missed="0" covered="2"/><counter type="LINE" missed="0" covered="7"/><counter type="COMPLEXITY" missed="0" covered="2"/><counter type="METHOD" missed="0" covered="1"/></method><method name="copyStringMap" desc="(Ljava/util/Map;)Ljava/util/Map;" line="554"><counter type="INSTRUCTION" missed="0" covered="9"/><counter type="BRANCH" missed="0" covered="2"/><counter type="LINE" missed="0" covered="1"/><counter type="COMPLEXITY" missed="0" covered="2"/><counter type="METHOD" missed="0" covered="1"/></method><method name="rebuildCurrentThreadFromEvents" desc="(Ljava/util/List;)Z" line="559"><counter type="INSTRUCTION" missed="10" covered="106"/><counter type="BRANCH" missed="8" covered="14"/><counter type="LINE" missed="3" covered="20"/><counter type="COMPLEXITY" missed="7" covered="5"/><counter type="METHOD" missed="0" covered="1"/></method><method name="rebuildChildrenForThread" desc="(Lcom/splitmanager/models/Session;Ljava/util/List;Ljava/util/List;)Ljava/util/List;" line="600"><counter type="INSTRUCTION" missed="46" covered="214"/><counter type="BRANCH" missed="12" covered="22"/><counter type="LINE" missed="7" covered="41"/><counter type="COMPLEXITY" missed="10" covered="8"/><counter type="METHOD" missed="0" covered="1"/></method><method name="childIdAt" desc="(Ljava/util/List;I)Ljava/lang/String;" line="677"><counter type="INSTRUCTION" missed="0" covered="15"/><counter type="BRANCH" missed="1" covered="3"/><counter type="LINE" missed="0" covered="3"/><counter type="COMPLEXITY" missed="1" covered="2"/><counter type="METHOD" missed="0" covered="1"/></method><method name="hasLootEvent" desc="(Ljava/util/List;)Z" line="686"><counter type="INSTRUCTION" missed="0" covered="20"/><counter type="BRANCH" missed="1" covered="5"/><counter type="LINE" missed="0" covered="5"/><counter type="COMPLEXITY" missed="1" covered="3"/><counter type="METHOD" missed="0" covered="1"/></method><method name="initialRosterForTimeline" desc="(Ljava/util/List;Ljava/util/List;)Ljava/util/LinkedHashSet;" line="698"><counter type="INSTRUCTION" missed="2" covered="46"/><counter type="BRANCH" missed="2" covered="6"/><counter type="LINE" missed="1" covered="11"/><counter type="COMPLEXITY" missed="2" covered="3"/><counter type="METHOD" missed="0" covered="1"/></method><method name="getChildSessionsForRoot" desc="(Ljava/lang/String;)Ljava/util/List;" line="719"><counter type="INSTRUCTION" missed="0" covered="30"/><counter type="BRANCH" missed="1" covered="5"/><counter type="LINE" missed="0" covered="6"/><counter type="COMPLEXITY" missed="1" covered="3"/><counter type="METHOD" missed="0" covered="1"/></method><method name="validateTimeline" desc="(Ljava/util/List;Lcom/splitmanager/models/Session;)Lcom/splitmanager/ManagerSession$TimelineValidation;" line="732"><counter type="INSTRUCTION" missed="3" covered="80"/><counter type="BRANCH" missed="4" covered="16"/><counter type="LINE" missed="2" covered="18"/><counter type="COMPLEXITY" missed="4" covered="7"/><counter type="METHOD" missed="0" covered="1"/></method><method name="lowerCaseRoster" desc="(Ljava/util/Set;)Ljava/util/LinkedHashSet;" line="772"><counter type="INSTRUCTION" missed="0" covered="25"/><counter type="BRANCH" missed="1" covered="3"/><counter type="LINE" missed="0" covered="6"/><counter type="COMPLEXITY" missed="1" covered="2"/><counter type="METHOD" missed="0" covered="1"/></method><method name="containsPlayer" desc="(Ljava/util/Set;Ljava/lang/String;)Z" line="785"><counter type="INSTRUCTION" missed="2" covered="19"/><counter type="BRANCH" missed="2" covered="4"/><counter type="LINE" missed="1" covered="4"/><counter type="COMPLEXITY" missed="2" covered="2"/><counter type="METHOD" missed="0" covered="1"/></method><method name="resolveMainName" desc="(Ljava/lang/String;)Ljava/lang/String;" line="819"><counter type="INSTRUCTION" missed="0" covered="24"/><counter type="BRANCH" missed="0" covered="6"/><counter type="LINE" missed="0" covered="8"/><counter type="COMPLEXITY" missed="0" covered="4"/><counter type="METHOD" missed="0" covered="1"/></method><method name="resolveHistoricalMainName" desc="(Ljava/lang/String;)Ljava/lang/String;" line="837"><counter type="INSTRUCTION" missed="0" covered="12"/><counter type="BRANCH" missed="0" covered="2"/><counter type="LINE" missed="0" covered="4"/><counter type="COMPLEXITY" missed="0" covered="2"/><counter type="METHOD" missed="0" covered="1"/></method><method name="resolveNameWithMapping" desc="(Ljava/lang/String;Ljava/util/Map;)Ljava/lang/String;" line="847"><counter type="INSTRUCTION" missed="7" covered="30"/><counter type="BRANCH" missed="5" covered="5"/><counter type="LINE" missed="2" covered="9"/><counter type="COMPLEXITY" missed="4" covered="2"/><counter type="METHOD" missed="0" covered="1"/></method><method name="getMappedMain" desc="(Ljava/lang/String;Ljava/util/Map;)Ljava/lang/String;" line="868"><counter type="INSTRUCTION" missed="2" covered="31"/><counter type="BRANCH" missed="3" covered="7"/><counter type="LINE" missed="1" covered="6"/><counter type="COMPLEXITY" missed="3" covered="3"/><counter type="METHOD" missed="0" covered="1"/></method><method name="loadFromConfig" desc="()V" line="896"><counter type="INSTRUCTION" missed="0" covered="44"/><counter type="BRANCH" missed="0" covered="10"/><counter type="LINE" missed="0" covered="12"/><counter type="COMPLEXITY" missed="0" covered="6"/><counter type="METHOD" missed="0" covered="1"/></method><method name="replaceSessionsFromStorageData" desc="(Lcom/splitmanager/persistence/SessionStorageData;)V" line="915"><counter type="INSTRUCTION" missed="5" covered="77"/><counter type="BRANCH" missed="5" covered="13"/><counter type="LINE" missed="0" covered="16"/><counter type="COMPLEXITY" missed="4" covered="6"/><counter type="METHOD" missed="0" covered="1"/></method><method name="saveToConfig" desc="()V" line="945"><counter type="INSTRUCTION" missed="0" covered="15"/><counter type="BRANCH" missed="0" covered="2"/><counter type="LINE" missed="0" covered="4"/><counter type="COMPLEXITY" missed="0" covered="2"/><counter type="METHOD" missed="0" covered="1"/></method><method name="hasArchivedSessionFiles" desc="()Z" line="954"><counter type="INSTRUCTION" missed="0" covered="4"/><counter type="LINE" missed="0" covered="1"/><counter type="COMPLEXITY" missed="0" covered="1"/><counter type="METHOD" missed="0" covered="1"/></method><method name="loadPersistedData" desc="()Lcom/splitmanager/persistence/SessionStorageData;" line="959"><counter type="INSTRUCTION" missed="4" covered="53"/><counter type="BRANCH" missed="2" covered="8"/><counter type="LINE" missed="1" covered="10"/><counter type="COMPLEXITY" missed="2" covered="4"/><counter type="METHOD" missed="0" covered="1"/></method><method name="buildStorageData" desc="()Lcom/splitmanager/persistence/SessionStorageData;" line="987"><counter type="INSTRUCTION" missed="0" covered="31"/><counter type="LINE" missed="0" covered="6"/><counter type="COMPLEXITY" missed="0" covered="1"/><counter type="METHOD" missed="0" covered="1"/></method><method name="exportAllSessionsJson" desc="()Ljava/lang/String;" line="1000"><counter type="INSTRUCTION" missed="0" covered="7"/><counter type="LINE" missed="0" covered="1"/><counter type="COMPLEXITY" missed="0" covered="1"/><counter type="METHOD" missed="0" covered="1"/></method><method name="exportHistorySessionsJson" desc="()Ljava/lang/String;" line="1008"><counter type="INSTRUCTION" missed="0" covered="27"/><counter type="LINE" missed="0" covered="7"/><counter type="COMPLEXITY" missed="0" covered="1"/><counter type="METHOD" missed="0" covered="1"/></method><method name="exportSessionJson" desc="(Ljava/lang/String;)Ljava/lang/String;" line="1024"><counter type="INSTRUCTION" missed="4" covered="11"/><counter type="BRANCH" missed="1" covered="1"/><counter type="LINE" missed="0" covered="2"/><counter type="COMPLEXITY" missed="1" covered="1"/><counter type="METHOD" missed="0" covered="1"/></method><method name="exportSessionThreadJson" desc="(Ljava/lang/String;)Ljava/lang/String;" line="1035"><counter type="INSTRUCTION" missed="0" covered="31"/><counter type="BRANCH" missed="0" covered="2"/><counter type="LINE" missed="0" covered="8"/><counter type="COMPLEXITY" missed="0" covered="2"/><counter type="METHOD" missed="0" covered="1"/></method><method name="importHistorySessionsJson" desc="(Ljava/lang/String;)I" line="1057"><counter type="INSTRUCTION" missed="8" covered="226"/><counter type="BRANCH" missed="8" covered="30"/><counter type="LINE" missed="1" covered="53"/><counter type="COMPLEXITY" missed="7" covered="13"/><counter type="METHOD" missed="0" covered="1"/></method><method name="getRootSessionId" desc="(Lcom/splitmanager/models/Session;)Ljava/lang/String;" line="1152"><counter type="INSTRUCTION" missed="0" covered="9"/><counter type="BRANCH" missed="0" covered="2"/><counter type="LINE" missed="0" covered="1"/><counter type="COMPLEXITY" missed="0" covered="2"/><counter type="METHOD" missed="0" covered="1"/></method><method name="isImportableHistorySession" desc="(Lcom/splitmanager/models/Session;)Z" line="1157"><counter type="INSTRUCTION" missed="3" covered="24"/><counter type="BRANCH" missed="4" covered="8"/><counter type="LINE" missed="1" covered="4"/><counter type="COMPLEXITY" missed="4" covered="3"/><counter type="METHOD" missed="0" covered="1"/></method><method name="copySessionForImport" desc="(Lcom/splitmanager/models/Session;Ljava/lang/String;Ljava/lang/String;)Lcom/splitmanager/models/Session;" line="1170"><counter type="INSTRUCTION" missed="1" covered="68"/><counter type="BRANCH" missed="3" covered="5"/><counter type="LINE" missed="1" covered="15"/><counter type="COMPLEXITY" missed="3" covered="2"/><counter type="METHOD" missed="0" covered="1"/></method><method name="getKnownPlayers" desc="()Ljava/util/Set;" line="1200"><counter type="INSTRUCTION" missed="0" covered="11"/><counter type="BRANCH" missed="0" covered="2"/><counter type="LINE" missed="0" covered="4"/><counter type="COMPLEXITY" missed="0" covered="2"/><counter type="METHOD" missed="0" covered="1"/></method><method name="getNonActivePlayers" desc="()Ljava/util/Set;" line="1215"><counter type="INSTRUCTION" missed="0" covered="38"/><counter type="BRANCH" missed="1" covered="7"/><counter type="LINE" missed="0" covered="10"/><counter type="COMPLEXITY" missed="1" covered="4"/><counter type="METHOD" missed="0" covered="1"/></method><method name="getCurrentSession" desc="()Ljava/util/Optional;" line="1238"><counter type="INSTRUCTION" missed="0" covered="11"/><counter type="LINE" missed="0" covered="1"/><counter type="COMPLEXITY" missed="0" covered="1"/><counter type="METHOD" missed="0" covered="1"/></method><method name="getAllSessionsNewestFirst" desc="()Ljava/util/List;" line="1246"><counter type="INSTRUCTION" missed="0" covered="12"/><counter type="LINE" missed="0" covered="3"/><counter type="COMPLEXITY" missed="0" covered="1"/><counter type="METHOD" missed="0" covered="1"/></method><method name="getHistorySessionsNewestFirst" desc="()Ljava/util/List;" line="1256"><counter type="INSTRUCTION" missed="0" covered="16"/><counter type="LINE" missed="0" covered="5"/><counter type="COMPLEXITY" missed="0" covered="1"/><counter type="METHOD" missed="0" covered="1"/></method><method name="unloadHistory" desc="()V" line="1269"><counter type="INSTRUCTION" missed="2" covered="26"/><counter type="BRANCH" missed="2" covered="2"/><counter type="LINE" missed="1" covered="10"/><counter type="COMPLEXITY" missed="2" covered="1"/><counter type="METHOD" missed="0" covered="1"/></method><method name="loadHistory" desc="(Ljava/lang/String;)Ljava/util/Optional;" line="1294"><counter type="INSTRUCTION" missed="0" covered="46"/><counter type="BRANCH" missed="1" covered="5"/><counter type="LINE" missed="0" covered="13"/><counter type="COMPLEXITY" missed="1" covered="3"/><counter type="METHOD" missed="0" covered="1"/></method><method name="saveHistoryChanges" desc="()Z" line="1315"><counter type="INSTRUCTION" missed="0" covered="25"/><counter type="BRANCH" missed="0" covered="2"/><counter type="LINE" missed="0" covered="8"/><counter type="COMPLEXITY" missed="0" covered="2"/><counter type="METHOD" missed="0" covered="1"/></method><method name="discardHistoryChanges" desc="()Z" line="1329"><counter type="INSTRUCTION" missed="0" covered="39"/><counter type="BRANCH" missed="0" covered="4"/><counter type="LINE" missed="0" covered="13"/><counter type="COMPLEXITY" missed="0" covered="3"/><counter type="METHOD" missed="0" covered="1"/></method><method name="restoreOriginalHistorySessions" desc="()V" line="1350"><counter type="INSTRUCTION" missed="10" covered="54"/><counter type="BRANCH" missed="5" covered="7"/><counter type="LINE" missed="5" covered="10"/><counter type="COMPLEXITY" missed="5" covered="2"/><counter type="METHOD" missed="0" covered="1"/></method><method name="hasActiveSession" desc="()Z" line="1383"><counter type="INSTRUCTION" missed="0" covered="10"/><counter type="LINE" missed="0" covered="1"/><counter type="COMPLEXITY" missed="0" covered="1"/><counter type="METHOD" missed="0" covered="1"/></method><method name="getCurrentEditableSession" desc="()Ljava/util/Optional;" line="1388"><counter type="INSTRUCTION" missed="4" covered="43"/><counter type="BRANCH" missed="4" covered="8"/><counter type="LINE" missed="1" covered="10"/><counter type="COMPLEXITY" missed="4" covered="3"/><counter type="METHOD" missed="0" covered="1"/></method><method name="startSession" desc="()Ljava/util/Optional;" line="1417"><counter type="INSTRUCTION" missed="0" covered="75"/><counter type="BRANCH" missed="0" covered="6"/><counter type="LINE" missed="0" covered="17"/><counter type="COMPLEXITY" missed="0" covered="4"/><counter type="METHOD" missed="0" covered="1"/></method><method name="stopSession" desc="()Z" line="1455"><counter type="INSTRUCTION" missed="4" covered="58"/><counter type="BRANCH" missed="7" covered="7"/><counter type="LINE" missed="2" covered="16"/><counter type="COMPLEXITY" missed="7" covered="1"/><counter type="METHOD" missed="0" covered="1"/></method><method name="addPlayerToActive" desc="(Ljava/lang/String;)Z" line="1501"><counter type="INSTRUCTION" missed="18" covered="193"/><counter type="BRANCH" missed="8" covered="18"/><counter type="LINE" missed="5" covered="40"/><counter type="COMPLEXITY" missed="8" covered="6"/><counter type="METHOD" missed="0" covered="1"/></method><method name="removePlayerFromSession" desc="(Ljava/lang/String;)Z" line="1594"><counter type="INSTRUCTION" missed="24" covered="198"/><counter type="BRANCH" missed="11" covered="17"/><counter type="LINE" missed="8" covered="41"/><counter type="COMPLEXITY" missed="11" covered="4"/><counter type="METHOD" missed="0" covered="1"/></method><method name="addLoot" desc="(Ljava/lang/String;Ljava/lang/Long;)Z" line="1690"><counter type="INSTRUCTION" missed="5" covered="76"/><counter type="BRANCH" missed="4" covered="14"/><counter type="LINE" missed="1" covered="17"/><counter type="COMPLEXITY" missed="4" covered="6"/><counter type="METHOD" missed="0" covered="1"/></method><method name="getPendingValues" desc="()Ljava/util/List;" line="1730"><counter type="INSTRUCTION" missed="0" covered="4"/><counter type="LINE" missed="0" covered="1"/><counter type="COMPLEXITY" missed="0" covered="1"/><counter type="METHOD" missed="0" covered="1"/></method><method name="addPendingValue" desc="(Lcom/splitmanager/models/PendingValue;)V" line="1742"><counter type="INSTRUCTION" missed="0" covered="78"/><counter type="BRANCH" missed="7" covered="15"/><counter type="LINE" missed="0" covered="16"/><counter type="COMPLEXITY" missed="7" covered="5"/><counter type="METHOD" missed="0" covered="1"/></method><method name="removePendingValueById" desc="(Ljava/lang/String;)Z" line="1785"><counter type="INSTRUCTION" missed="0" covered="6"/><counter type="LINE" missed="0" covered="1"/><counter type="COMPLEXITY" missed="0" covered="1"/><counter type="METHOD" missed="0" covered="1"/></method><method name="applyPendingValueToPlayer" desc="(Ljava/lang/String;Ljava/lang/String;)Z" line="1798"><counter type="INSTRUCTION" missed="0" covered="34"/><counter type="BRANCH" missed="1" covered="3"/><counter type="LINE" missed="0" covered="8"/><counter type="COMPLEXITY" missed="1" covered="2"/><counter type="METHOD" missed="0" covered="1"/></method><method name="currentSessionHasPlayer" desc="(Ljava/lang/String;)Z" line="1818"><counter type="INSTRUCTION" missed="0" covered="9"/><counter type="LINE" missed="0" covered="1"/><counter type="COMPLEXITY" missed="0" covered="1"/><counter type="METHOD" missed="0" covered="1"/></method><method name="sessionHasPlayer" desc="(Ljava/lang/String;Lcom/splitmanager/models/Session;)Z" line="1827"><counter type="INSTRUCTION" missed="0" covered="19"/><counter type="BRANCH" missed="0" covered="4"/><counter type="LINE" missed="0" covered="6"/><counter type="COMPLEXITY" missed="0" covered="3"/><counter type="METHOD" missed="0" covered="1"/></method><method name="currentThreadContainsPlayerName" desc="(Ljava/lang/String;)Z" line="1844"><counter type="INSTRUCTION" missed="2" covered="73"/><counter type="BRANCH" missed="5" covered="17"/><counter type="LINE" missed="1" covered="16"/><counter type="COMPLEXITY" missed="5" covered="7"/><counter type="METHOD" missed="0" covered="1"/></method><method name="init" desc="()V" line="1877"><counter type="INSTRUCTION" missed="0" covered="3"/><counter type="LINE" missed="0" covered="2"/><counter type="COMPLEXITY" missed="0" covered="1"/><counter type="METHOD" missed="0" covered="1"/></method><method name="prepareHistoryMutation" desc="()Z" line="1882"><counter type="INSTRUCTION" missed="0" covered="36"/><counter type="BRANCH" missed="0" covered="12"/><counter type="LINE" missed="0" covered="11"/><counter type="COMPLEXITY" missed="0" covered="7"/><counter type="METHOD" missed="0" covered="1"/></method><method name="isCurrentHistoryEditLocked" desc="()Z" line="1905"><counter type="INSTRUCTION" missed="0" covered="15"/><counter type="BRANCH" missed="0" covered="2"/><counter type="LINE" missed="0" covered="4"/><counter type="COMPLEXITY" missed="0" covered="2"/><counter type="METHOD" missed="0" covered="1"/></method><method name="isHistoryEditLocked" desc="(Lcom/splitmanager/models/Session;)Z" line="1915"><counter type="INSTRUCTION" missed="2" covered="24"/><counter type="BRANCH" missed="1" covered="5"/><counter type="LINE" missed="1" covered="6"/><counter type="COMPLEXITY" missed="1" covered="3"/><counter type="METHOD" missed="0" covered="1"/></method><method name="isVersionBefore" desc="(Ljava/lang/String;Ljava/lang/String;)Z" line="1931"><counter type="INSTRUCTION" missed="1" covered="41"/><counter type="BRANCH" missed="2" covered="8"/><counter type="LINE" missed="0" covered="8"/><counter type="COMPLEXITY" missed="2" covered="4"/><counter type="METHOD" missed="0" covered="1"/></method><method name="parseVersion" desc="(Ljava/lang/String;)[I" line="1949"><counter type="INSTRUCTION" missed="5" covered="44"/><counter type="BRANCH" missed="1" covered="3"/><counter type="LINE" missed="2" covered="6"/><counter type="COMPLEXITY" missed="1" covered="2"/><counter type="METHOD" missed="0" covered="1"/></method><method name="markHistoryMutation" desc="()V" line="1967"><counter type="INSTRUCTION" missed="0" covered="5"/><counter type="LINE" missed="0" covered="3"/><counter type="COMPLEXITY" missed="0" covered="1"/><counter type="METHOD" missed="0" covered="1"/></method><method name="markHistoryTableMutation" desc="()V" line="1973"><counter type="INSTRUCTION" missed="0" covered="12"/><counter type="BRANCH" missed="0" covered="2"/><counter type="LINE" missed="0" covered="6"/><counter type="COMPLEXITY" missed="0" covered="2"/><counter type="METHOD" missed="0" covered="1"/></method><method name="saveAfterMutation" desc="()V" line="1984"><counter type="INSTRUCTION" missed="0" covered="5"/><counter type="LINE" missed="0" covered="3"/><counter type="COMPLEXITY" missed="0" covered="1"/><counter type="METHOD" missed="0" covered="1"/></method><method name="saveAfterHistoryTableMutation" desc="()V" line="1990"><counter type="INSTRUCTION" missed="0" covered="10"/><counter type="BRANCH" missed="0" covered="2"/><counter type="LINE" missed="0" covered="5"/><counter type="COMPLEXITY" missed="0" covered="2"/><counter type="METHOD" missed="0" covered="1"/></method><method name="computeMetricsFor" desc="(Lcom/splitmanager/models/Session;)Ljava/util/List;" line="2006"><counter type="INSTRUCTION" missed="0" covered="5"/><counter type="LINE" missed="0" covered="1"/><counter type="COMPLEXITY" missed="0" covered="1"/><counter type="METHOD" missed="0" covered="1"/></method><method name="computeMetricsFor" desc="(Lcom/splitmanager/models/Session;Z)Ljava/util/List;" line="2021"><counter type="INSTRUCTION" missed="0" covered="19"/><counter type="BRANCH" missed="0" covered="2"/><counter type="LINE" missed="0" covered="6"/><counter type="COMPLEXITY" missed="0" covered="2"/><counter type="METHOD" missed="0" covered="1"/></method><method name="computeMetricsFor" desc="(Lcom/splitmanager/models/Session;ZLcom/splitmanager/models/SettlementConfigSnapshot;)Ljava/util/List;" line="2038"><counter type="INSTRUCTION" missed="0" covered="19"/><counter type="BRANCH" missed="0" covered="2"/><counter type="LINE" missed="0" covered="6"/><counter type="COMPLEXITY" missed="0" covered="2"/><counter type="METHOD" missed="0" covered="1"/></method><method name="buildGeTaxSettings" desc="(Lcom/splitmanager/models/Session;)Lcom/splitmanager/sessions/SplitCalculator$GeTaxSettings;" line="2053"><counter type="INSTRUCTION" missed="0" covered="15"/><counter type="BRANCH" missed="0" covered="2"/><counter type="LINE" missed="0" covered="4"/><counter type="COMPLEXITY" missed="0" covered="2"/><counter type="METHOD" missed="0" covered="1"/></method><method name="buildGeTaxSettings" desc="(Lcom/splitmanager/models/SettlementConfigSnapshot;)Lcom/splitmanager/sessions/SplitCalculator$GeTaxSettings;" line="2063"><counter type="INSTRUCTION" missed="0" covered="24"/><counter type="BRANCH" missed="1" covered="3"/><counter type="LINE" missed="0" covered="6"/><counter type="COMPLEXITY" missed="1" covered="2"/><counter type="METHOD" missed="0" covered="1"/></method><method name="getGeTaxSettingsFor" desc="(Lcom/splitmanager/models/SettlementConfigSnapshot;)Lcom/splitmanager/sessions/SplitCalculator$GeTaxSettings;" line="2077"><counter type="INSTRUCTION" missed="0" covered="4"/><counter type="LINE" missed="0" covered="1"/><counter type="COMPLEXITY" missed="0" covered="1"/><counter type="METHOD" missed="0" covered="1"/></method><method name="getSettlementConfigSnapshotFor" desc="(Lcom/splitmanager/models/Session;)Lcom/splitmanager/models/SettlementConfigSnapshot;" line="2082"><counter type="INSTRUCTION" missed="0" covered="11"/><counter type="BRANCH" missed="0" covered="2"/><counter type="LINE" missed="0" covered="2"/><counter type="COMPLEXITY" missed="0" covered="2"/><counter type="METHOD" missed="0" covered="1"/></method><method name="updateSettlementConfigSnapshotFor" desc="(Lcom/splitmanager/models/Session;Lcom/splitmanager/models/SettlementConfigSnapshot;)Z" line="2088"><counter type="INSTRUCTION" missed="3" covered="36"/><counter type="BRANCH" missed="1" covered="11"/><counter type="LINE" missed="1" covered="11"/><counter type="COMPLEXITY" missed="1" covered="6"/><counter type="METHOD" missed="0" covered="1"/></method><method name="getHistoricalSettlementConfigSnapshot" desc="(Lcom/splitmanager/models/Session;)Lcom/splitmanager/models/SettlementConfigSnapshot;" line="2112"><counter type="INSTRUCTION" missed="5" covered="28"/><counter type="BRANCH" missed="3" covered="7"/><counter type="LINE" missed="2" covered="8"/><counter type="COMPLEXITY" missed="3" covered="3"/><counter type="METHOD" missed="0" covered="1"/></method><method name="currentSettlementConfigSnapshot" desc="()Lcom/splitmanager/models/SettlementConfigSnapshot;" line="2134"><counter type="INSTRUCTION" missed="0" covered="33"/><counter type="BRANCH" missed="0" covered="2"/><counter type="LINE" missed="0" covered="7"/><counter type="COMPLEXITY" missed="0" covered="2"/><counter type="METHOD" missed="0" covered="1"/></method><method name="currentAltMappingSnapshot" desc="()Ljava/util/Map;" line="2150"><counter type="INSTRUCTION" missed="6" covered="14"/><counter type="BRANCH" missed="2" covered="2"/><counter type="LINE" missed="0" covered="2"/><counter type="COMPLEXITY" missed="2" covered="1"/><counter type="METHOD" missed="0" covered="1"/></method><method name="getCurrentThreadAltMappingSnapshot" desc="()Ljava/util/Map;" line="2156"><counter type="INSTRUCTION" missed="4" covered="28"/><counter type="BRANCH" missed="2" covered="4"/><counter type="LINE" missed="2" covered="8"/><counter type="COMPLEXITY" missed="2" covered="2"/><counter type="METHOD" missed="0" covered="1"/></method><method name="defaultString" desc="(Ljava/lang/String;Ljava/lang/String;)Ljava/lang/String;" line="2176"><counter type="INSTRUCTION" missed="0" covered="10"/><counter type="BRANCH" missed="1" covered="3"/><counter type="LINE" missed="0" covered="1"/><counter type="COMPLEXITY" missed="1" covered="2"/><counter type="METHOD" missed="0" covered="1"/></method><method name="parseGeTaxMinimumValue" desc="(Ljava/lang/String;)J" line="2181"><counter type="INSTRUCTION" missed="0" covered="36"/><counter type="BRANCH" missed="1" covered="3"/><counter type="LINE" missed="0" covered="7"/><counter type="COMPLEXITY" missed="1" covered="2"/><counter type="METHOD" missed="0" covered="1"/></method><method name="defaultGeTaxMinimumValue" desc="()J" line="2199"><counter type="INSTRUCTION" missed="8" covered="4"/><counter type="LINE" missed="3" covered="1"/><counter type="COMPLEXITY" missed="0" covered="1"/><counter type="METHOD" missed="0" covered="1"/></method><method name="parseGeTaxMaxPerLoot" desc="(Ljava/lang/String;)J" line="2210"><counter type="INSTRUCTION" missed="0" covered="36"/><counter type="BRANCH" missed="1" covered="3"/><counter type="LINE" missed="0" covered="7"/><counter type="COMPLEXITY" missed="1" covered="2"/><counter type="METHOD" missed="0" covered="1"/></method><method name="defaultGeTaxMaxPerLoot" desc="()J" line="2228"><counter type="INSTRUCTION" missed="21" covered="4"/><counter type="LINE" missed="3" covered="1"/><counter type="COMPLEXITY" missed="0" covered="1"/><counter type="METHOD" missed="0" covered="1"/></method><method name="sanitizeGeTaxPercent" desc="(D)D" line="2239"><counter type="INSTRUCTION" missed="0" covered="21"/><counter type="BRANCH" missed="1" covered="5"/><counter type="LINE" missed="0" covered="4"/><counter type="COMPLEXITY" missed="1" covered="3"/><counter type="METHOD" missed="0" covered="1"/></method><method name="getThreadSessions" desc="(Lcom/splitmanager/models/Session;)Ljava/util/List;" line="2249"><counter type="INSTRUCTION" missed="0" covered="49"/><counter type="BRANCH" missed="1" covered="7"/><counter type="LINE" missed="0" covered="10"/><counter type="COMPLEXITY" missed="1" covered="4"/><counter type="METHOD" missed="0" covered="1"/></method><method name="getAllEvents" desc="()Ljava/util/List;" line="2275"><counter type="INSTRUCTION" missed="0" covered="73"/><counter type="BRANCH" missed="1" covered="11"/><counter type="LINE" missed="0" covered="14"/><counter type="COMPLEXITY" missed="1" covered="6"/><counter type="METHOD" missed="0" covered="1"/></method><method name="newId" desc="()Ljava/lang/String;" line="2308"><counter type="INSTRUCTION" missed="0" covered="3"/><counter type="LINE" missed="0" covered="1"/><counter type="COMPLEXITY" missed="0" covered="1"/><counter type="METHOD" missed="0" covered="1"/></method><method name="lambda$currentThreadContainsPlayerName$26" desc="(Ljava/lang/String;Ljava/lang/String;)Z" line="1860"><counter type="INSTRUCTION" missed="0" covered="4"/><counter type="LINE" missed="0" covered="1"/><counter type="COMPLEXITY" missed="0" covered="1"/><counter type="METHOD" missed="0" covered="1"/></method><method name="lambda$sessionHasPlayer$25" desc="(Ljava/lang/String;Ljava/lang/String;)Z" line="1839"><counter type="INSTRUCTION" missed="0" covered="4"/><counter type="LINE" missed="0" covered="1"/><counter type="COMPLEXITY" missed="0" covered="1"/><counter type="METHOD" missed="0" covered="1"/></method><method name="lambda$applyPendingValueToPlayer$24" desc="(Ljava/lang/String;Lcom/splitmanager/models/PendingValue;)Z" line="1798"><counter type="INSTRUCTION" missed="0" covered="5"/><counter type="LINE" missed="0" covered="1"/><counter type="COMPLEXITY" missed="0" covered="1"/><counter type="METHOD" missed="0" covered="1"/></method><method name="lambda$removePendingValueById$23" desc="(Ljava/lang/String;Lcom/splitmanager/models/PendingValue;)Z" line="1785"><counter type="INSTRUCTION" missed="0" covered="5"/><counter type="LINE" missed="0" covered="1"/><counter type="COMPLEXITY" missed="0" covered="1"/><counter type="METHOD" missed="0" covered="1"/></method><method name="lambda$addPendingValue$22" desc="(Ljava/lang/String;Ljava/lang/String;)Z" line="1762"><counter type="INSTRUCTION" missed="0" covered="4"/><counter type="LINE" missed="0" covered="1"/><counter type="COMPLEXITY" missed="0" covered="1"/><counter type="METHOD" missed="0" covered="1"/></method><method name="lambda$addLoot$21" desc="(Ljava/lang/String;)Ljava/util/List;" line="1719"><counter type="INSTRUCTION" missed="0" covered="4"/><counter type="LINE" missed="0" covered="1"/><counter type="COMPLEXITY" missed="0" covered="1"/><counter type="METHOD" missed="0" covered="1"/></method><method name="lambda$addLoot$20" desc="(Ljava/lang/String;Ljava/lang/String;)Z" line="1705"><counter type="INSTRUCTION" missed="0" covered="4"/><counter type="LINE" missed="0" covered="1"/><counter type="COMPLEXITY" missed="0" covered="1"/><counter type="METHOD" missed="0" covered="1"/></method><method name="lambda$removePlayerFromSession$19" desc="(Ljava/lang/String;)Ljava/util/List;" line="1674"><counter type="INSTRUCTION" missed="4" covered="0"/><counter type="LINE" missed="1" covered="0"/><counter type="COMPLEXITY" missed="1" covered="0"/><counter type="METHOD" missed="1" covered="0"/></method><method name="lambda$removePlayerFromSession$18" desc="(Ljava/lang/String;Ljava/lang/String;)Z" line="1666"><counter type="INSTRUCTION" missed="0" covered="4"/><counter type="LINE" missed="0" covered="1"/><counter type="COMPLEXITY" missed="0" covered="1"/><counter type="METHOD" missed="0" covered="1"/></method><method name="lambda$removePlayerFromSession$17" desc="(Ljava/lang/String;)Ljava/util/List;" line="1658"><counter type="INSTRUCTION" missed="4" covered="0"/><counter type="LINE" missed="1" covered="0"/><counter type="COMPLEXITY" missed="1" covered="0"/><counter type="METHOD" missed="1" covered="0"/></method><method name="lambda$removePlayerFromSession$16" desc="(Ljava/lang/String;Ljava/lang/String;)Z" line="1646"><counter type="INSTRUCTION" missed="0" covered="8"/><counter type="BRANCH" missed="0" covered="2"/><counter type="LINE" missed="0" covered="1"/><counter type="COMPLEXITY" missed="0" covered="2"/><counter type="METHOD" missed="0" covered="1"/></method><method name="lambda$removePlayerFromSession$15" desc="(Ljava/lang/String;Ljava/lang/String;)Z" line="1610"><counter type="INSTRUCTION" missed="0" covered="4"/><counter type="LINE" missed="0" covered="1"/><counter type="COMPLEXITY" missed="0" covered="1"/><counter type="METHOD" missed="0" covered="1"/></method><method name="lambda$addPlayerToActive$14" desc="(Ljava/lang/String;)Ljava/util/List;" line="1578"><counter type="INSTRUCTION" missed="4" covered="0"/><counter type="LINE" missed="1" covered="0"/><counter type="COMPLEXITY" missed="1" covered="0"/><counter type="METHOD" missed="1" covered="0"/></method><method name="lambda$addPlayerToActive$13" desc="(Ljava/lang/String;)Ljava/util/List;" line="1562"><counter type="INSTRUCTION" missed="4" covered="0"/><counter type="LINE" missed="1" covered="0"/><counter type="COMPLEXITY" missed="1" covered="0"/><counter type="METHOD" missed="1" covered="0"/></method><method name="lambda$addPlayerToActive$12" desc="(Ljava/lang/String;Ljava/lang/String;)Z" line="1513"><counter type="INSTRUCTION" missed="0" covered="4"/><counter type="LINE" missed="0" covered="1"/><counter type="COMPLEXITY" missed="0" covered="1"/><counter type="METHOD" missed="0" covered="1"/></method><method name="lambda$getHistorySessionsNewestFirst$11" desc="(Lcom/splitmanager/models/Session;)Z" line="1258"><counter type="INSTRUCTION" missed="0" covered="7"/><counter type="BRANCH" missed="0" covered="2"/><counter type="LINE" missed="0" covered="1"/><counter type="COMPLEXITY" missed="0" covered="2"/><counter type="METHOD" missed="0" covered="1"/></method><method name="lambda$getHistorySessionsNewestFirst$10" desc="(Lcom/splitmanager/models/Session;)Z" line="1257"><counter type="INSTRUCTION" missed="0" covered="7"/><counter type="BRANCH" missed="0" covered="2"/><counter type="LINE" missed="0" covered="1"/><counter type="COMPLEXITY" missed="0" covered="2"/><counter type="METHOD" missed="0" covered="1"/></method><method name="lambda$getNonActivePlayers$9" desc="(Lcom/splitmanager/models/Session;Ljava/lang/String;)Z" line="1228"><counter type="INSTRUCTION" missed="0" covered="7"/><counter type="LINE" missed="0" covered="1"/><counter type="COMPLEXITY" missed="0" covered="1"/><counter type="METHOD" missed="0" covered="1"/></method><method name="lambda$getNonActivePlayers$8" desc="(Ljava/lang/String;Ljava/lang/String;)Z" line="1228"><counter type="INSTRUCTION" missed="0" covered="4"/><counter type="LINE" missed="0" covered="1"/><counter type="COMPLEXITY" missed="0" covered="1"/><counter type="METHOD" missed="0" covered="1"/></method><method name="lambda$importHistorySessionsJson$7" desc="(Ljava/lang/String;Lcom/splitmanager/models/Session;)Z" line="1125"><counter type="INSTRUCTION" missed="0" covered="5"/><counter type="LINE" missed="0" covered="1"/><counter type="COMPLEXITY" missed="0" covered="1"/><counter type="METHOD" missed="0" covered="1"/></method><method name="lambda$importHistorySessionsJson$6" desc="(Lcom/splitmanager/models/Session;)Z" line="1097"><counter type="INSTRUCTION" missed="0" covered="7"/><counter type="BRANCH" missed="0" covered="2"/><counter type="LINE" missed="0" covered="1"/><counter type="COMPLEXITY" missed="0" covered="2"/><counter type="METHOD" missed="0" covered="1"/></method><method name="lambda$exportSessionThreadJson$5" desc="(Ljava/lang/String;Lcom/splitmanager/models/Session;)Z" line="1042"><counter type="INSTRUCTION" missed="0" covered="6"/><counter type="LINE" missed="0" covered="1"/><counter type="COMPLEXITY" missed="0" covered="1"/><counter type="METHOD" missed="0" covered="1"/></method><method name="lambda$exportHistorySessionsJson$4" desc="(Ljava/util/Set;Lcom/splitmanager/models/Session;)Z" line="1012"><counter type="INSTRUCTION" missed="0" covered="6"/><counter type="LINE" missed="0" covered="1"/><counter type="COMPLEXITY" missed="0" covered="1"/><counter type="METHOD" missed="0" covered="1"/></method><method name="lambda$initialRosterForTimeline$3" desc="(Lcom/splitmanager/models/SplitEvent;)Ljava/lang/String;" line="705"><counter type="INSTRUCTION" missed="0" covered="5"/><counter type="LINE" missed="0" covered="1"/><counter type="COMPLEXITY" missed="0" covered="1"/><counter type="METHOD" missed="0" covered="1"/></method><method name="lambda$initialRosterForTimeline$2" desc="(Lcom/splitmanager/models/SplitEvent;)Z" line="704"><counter type="INSTRUCTION" missed="0" covered="14"/><counter type="BRANCH" missed="2" covered="4"/><counter type="LINE" missed="0" covered="1"/><counter type="COMPLEXITY" missed="2" covered="2"/><counter type="METHOD" missed="0" covered="1"/></method><method name="lambda$removePlayerName$1" desc="(Ljava/lang/String;Ljava/lang/String;)Z" line="384"><counter type="INSTRUCTION" missed="0" covered="4"/><counter type="LINE" missed="0" covered="1"/><counter type="COMPLEXITY" missed="0" covered="1"/><counter type="METHOD" missed="0" covered="1"/></method><method name="lambda$invalidateEventsCache$0" desc="(Lcom/splitmanager/models/Session;)V" line="115"><counter type="INSTRUCTION" missed="0" covered="15"/><counter type="BRANCH" missed="0" covered="2"/><counter type="LINE" missed="0" covered="3"/><counter type="COMPLEXITY" missed="0" covered="2"/><counter type="METHOD" missed="0" covered="1"/></method><method name="&lt;clinit&gt;" desc="()V" line="46"><counter type="INSTRUCTION" missed="0" covered="4"/><counter type="LINE" missed="0" covered="1"/><counter type="COMPLEXITY" missed="0" covered="1"/><counter type="METHOD" missed="0" covered="1"/></method><counter type="INSTRUCTION" missed="251" covered="4187"/><counter type="BRANCH" missed="170" covered="560"/><counter type="LINE" missed="66" covered="950"/><counter type="COMPLEXITY" missed="167" covered="338"/><counter type="METHOD" missed="4" covered="136"/><counter type="CLASS" missed="0" covered="1"/></class><class name="com/splitmanager/ManagerSession$HistoryEditSnapshot" sourcefilename="ManagerSession.java"><method name="&lt;init&gt;" desc="(Ljava/util/LinkedHashMap;Ljava/lang/String;ZZ)V" line="2322"><counter type="INSTRUCTION" missed="0" covered="15"/><counter type="LINE" missed="0" covered="6"/><counter type="COMPLEXITY" missed="0" covered="1"/><counter type="METHOD" missed="0" covered="1"/></method><counter type="INSTRUCTION" missed="0" covered="15"/><counter type="LINE" missed="0" covered="6"/><counter type="COMPLEXITY" missed="0" covered="1"/><counter type="METHOD" missed="0" covered="1"/><counter type="CLASS" missed="0" covered="1"/></class><class name="com/splitmanager/ManagerKnownPlayers" sourcefilename="ManagerKnownPlayers.java"><method name="&lt;init&gt;" desc="(Lcom/splitmanager/PluginConfig;Lcom/google/gson/Gson;)V" line="32"><counter type="INSTRUCTION" missed="0" covered="26"/><counter type="LINE" missed="0" covered="8"/><counter type="COMPLEXITY" missed="0" covered="1"/><counter type="METHOD" missed="0" covered="1"/></method><method name="loadFromConfig" desc="()V" line="47"><counter type="INSTRUCTION" missed="0" covered="97"/><counter type="BRANCH" missed="5" covered="15"/><counter type="LINE" missed="0" covered="20"/><counter type="COMPLEXITY" missed="5" covered="6"/><counter type="METHOD" missed="0" covered="1"/></method><method name="saveToConfig" desc="()V" line="88"><counter type="INSTRUCTION" missed="0" covered="22"/><counter type="LINE" missed="0" covered="6"/><counter type="COMPLEXITY" missed="0" covered="1"/><counter type="METHOD" missed="0" covered="1"/></method><method name="getKnownPlayers" desc="()Ljava/util/Set;" line="101"><counter type="INSTRUCTION" missed="0" covered="4"/><counter type="LINE" missed="0" covered="1"/><counter type="COMPLEXITY" missed="0" covered="1"/><counter type="METHOD" missed="0" covered="1"/></method><method name="getAltMainMapping" desc="()Ljava/util/Map;" line="106"><counter type="INSTRUCTION" missed="0" covered="4"/><counter type="LINE" missed="0" covered="1"/><counter type="COMPLEXITY" missed="0" covered="1"/><counter type="METHOD" missed="0" covered="1"/></method><method name="parseAltFromEntry" desc="(Ljava/lang/String;)Ljava/lang/String;" line="114"><counter type="INSTRUCTION" missed="0" covered="25"/><counter type="BRANCH" missed="1" covered="5"/><counter type="LINE" missed="0" covered="7"/><counter type="COMPLEXITY" missed="1" covered="3"/><counter type="METHOD" missed="0" covered="1"/></method><method name="getKnownMains" desc="()Ljava/util/Set;" line="134"><counter type="INSTRUCTION" missed="0" covered="14"/><counter type="LINE" missed="0" covered="4"/><counter type="COMPLEXITY" missed="0" covered="1"/><counter type="METHOD" missed="0" covered="1"/></method><method name="canLinkAltToMain" desc="(Ljava/lang/String;Ljava/lang/String;)Z" line="152"><counter type="INSTRUCTION" missed="2" covered="68"/><counter type="BRANCH" missed="2" covered="20"/><counter type="LINE" missed="1" covered="17"/><counter type="COMPLEXITY" missed="2" covered="10"/><counter type="METHOD" missed="0" covered="1"/></method><method name="trySetAltMain" desc="(Ljava/lang/String;Ljava/lang/String;)Z" line="193"><counter type="INSTRUCTION" missed="0" covered="45"/><counter type="BRANCH" missed="1" covered="5"/><counter type="LINE" missed="0" covered="12"/><counter type="COMPLEXITY" missed="1" covered="3"/><counter type="METHOD" missed="0" covered="1"/></method><method name="unlinkAlt" desc="(Ljava/lang/String;)Z" line="219"><counter type="INSTRUCTION" missed="0" covered="28"/><counter type="BRANCH" missed="0" covered="6"/><counter type="LINE" missed="0" covered="9"/><counter type="COMPLEXITY" missed="0" covered="4"/><counter type="METHOD" missed="0" covered="1"/></method><method name="getMainName" desc="(Ljava/lang/String;)Ljava/lang/String;" line="243"><counter type="INSTRUCTION" missed="0" covered="46"/><counter type="BRANCH" missed="2" covered="12"/><counter type="LINE" missed="0" covered="15"/><counter type="COMPLEXITY" missed="2" covered="6"/><counter type="METHOD" missed="0" covered="1"/></method><method name="isAlt" desc="(Ljava/lang/String;)Z" line="277"><counter type="INSTRUCTION" missed="0" covered="13"/><counter type="BRANCH" missed="0" covered="4"/><counter type="LINE" missed="0" covered="3"/><counter type="COMPLEXITY" missed="0" covered="3"/><counter type="METHOD" missed="0" covered="1"/></method><method name="getAltsOf" desc="(Ljava/lang/String;)Ljava/util/List;" line="292"><counter type="INSTRUCTION" missed="0" covered="47"/><counter type="BRANCH" missed="2" covered="8"/><counter type="LINE" missed="0" covered="10"/><counter type="COMPLEXITY" missed="2" covered="4"/><counter type="METHOD" missed="0" covered="1"/></method><method name="addKnownPlayer" desc="(Ljava/lang/String;)Z" line="318"><counter type="INSTRUCTION" missed="0" covered="34"/><counter type="BRANCH" missed="1" covered="9"/><counter type="LINE" missed="0" covered="9"/><counter type="COMPLEXITY" missed="1" covered="5"/><counter type="METHOD" missed="0" covered="1"/></method><method name="addKnownPlayerFromConfig" desc="(Ljava/lang/String;)V" line="337"><counter type="INSTRUCTION" missed="0" covered="13"/><counter type="BRANCH" missed="0" covered="2"/><counter type="LINE" missed="0" covered="3"/><counter type="COMPLEXITY" missed="0" covered="2"/><counter type="METHOD" missed="0" covered="1"/></method><method name="isKnownPlayer" desc="(Ljava/lang/String;)Z" line="345"><counter type="INSTRUCTION" missed="0" covered="5"/><counter type="LINE" missed="0" covered="1"/><counter type="COMPLEXITY" missed="0" covered="1"/><counter type="METHOD" missed="0" covered="1"/></method><method name="isKnownPlayer" desc="(Ljava/lang/String;Z)Z" line="350"><counter type="INSTRUCTION" missed="0" covered="30"/><counter type="BRANCH" missed="2" covered="6"/><counter type="LINE" missed="0" covered="8"/><counter type="COMPLEXITY" missed="2" covered="3"/><counter type="METHOD" missed="0" covered="1"/></method><method name="removeKnownPlayer" desc="(Ljava/lang/String;)Z" line="369"><counter type="INSTRUCTION" missed="7" covered="61"/><counter type="BRANCH" missed="6" covered="14"/><counter type="LINE" missed="0" covered="14"/><counter type="COMPLEXITY" missed="5" covered="6"/><counter type="METHOD" missed="0" covered="1"/></method><method name="getMappedMain" desc="(Ljava/lang/String;)Ljava/lang/String;" line="392"><counter type="INSTRUCTION" missed="0" covered="14"/><counter type="BRANCH" missed="0" covered="2"/><counter type="LINE" missed="0" covered="2"/><counter type="COMPLEXITY" missed="0" covered="2"/><counter type="METHOD" missed="0" covered="1"/></method><method name="findMappedAltKey" desc="(Ljava/lang/String;)Ljava/lang/String;" line="398"><counter type="INSTRUCTION" missed="2" covered="25"/><counter type="BRANCH" missed="2" covered="6"/><counter type="LINE" missed="1" covered="6"/><counter type="COMPLEXITY" missed="2" covered="3"/><counter type="METHOD" missed="0" covered="1"/></method><method name="init" desc="()V" line="414"><counter type="INSTRUCTION" missed="0" covered="3"/><counter type="LINE" missed="0" covered="2"/><counter type="COMPLEXITY" missed="0" covered="1"/><counter type="METHOD" missed="0" covered="1"/></method><method name="lambda$removeKnownPlayer$5" desc="(Ljava/lang/String;Ljava/util/Map$Entry;)Z" line="381"><counter type="INSTRUCTION" missed="0" covered="13"/><counter type="BRANCH" missed="1" covered="3"/><counter type="LINE" missed="0" covered="1"/><counter type="COMPLEXITY" missed="1" covered="2"/><counter type="METHOD" missed="0" covered="1"/></method><method name="lambda$removeKnownPlayer$4" desc="(Ljava/lang/String;Ljava/lang/String;)Z" line="375"><counter type="INSTRUCTION" missed="0" covered="4"/><counter type="LINE" missed="0" covered="1"/><counter type="COMPLEXITY" missed="0" covered="1"/><counter type="METHOD" missed="0" covered="1"/></method><method name="lambda$isKnownPlayer$3" desc="(Ljava/lang/String;Ljava/lang/String;)Z" line="356"><counter type="INSTRUCTION" missed="0" covered="4"/><counter type="LINE" missed="0" covered="1"/><counter type="COMPLEXITY" missed="0" covered="1"/><counter type="METHOD" missed="0" covered="1"/></method><method name="lambda$addKnownPlayerFromConfig$2" desc="(Ljava/lang/String;Ljava/lang/String;)Z" line="337"><counter type="INSTRUCTION" missed="0" covered="4"/><counter type="LINE" missed="0" covered="1"/><counter type="COMPLEXITY" missed="0" covered="1"/><counter type="METHOD" missed="0" covered="1"/></method><method name="lambda$addKnownPlayer$1" desc="(Ljava/lang/String;Ljava/lang/String;)Z" line="323"><counter type="INSTRUCTION" missed="0" covered="4"/><counter type="LINE" missed="0" covered="1"/><counter type="COMPLEXITY" missed="0" covered="1"/><counter type="METHOD" missed="0" covered="1"/></method><method name="lambda$getKnownMains$0" desc="(Ljava/lang/String;)Z" line="135"><counter type="INSTRUCTION" missed="0" covered="8"/><counter type="BRANCH" missed="0" covered="2"/><counter type="LINE" missed="0" covered="1"/><counter type="COMPLEXITY" missed="0" covered="2"/><counter type="METHOD" missed="0" covered="1"/></method><method name="&lt;clinit&gt;" desc="()V" line="27"><counter type="INSTRUCTION" missed="0" covered="4"/><counter type="LINE" missed="0" covered="1"/><counter type="COMPLEXITY" missed="0" covered="1"/><counter type="METHOD" missed="0" covered="1"/></method><counter type="INSTRUCTION" missed="11" covered="665"/><counter type="BRANCH" missed="25" covered="119"/><counter type="LINE" missed="2" covered="159"/><counter type="COMPLEXITY" missed="24" covered="76"/><counter type="METHOD" missed="0" covered="28"/><counter type="CLASS" missed="0" covered="1"/></class><sourcefile name="ManagerSession.java"><line nr="46" mi="0" ci="4" mb="0" cb="0"/><line nr="53" mi="0" ci="5" mb="0" cb="0"/><line nr="54" mi="0" ci="5" mb="0" cb="0"/><line nr="60" mi="0" ci="5" mb="0" cb="0"/><line nr="61" mi="0" ci="5" mb="0" cb="0"/><line nr="63" mi="0" ci="5" mb="0" cb="0"/><line nr="84" mi="0" ci="2" mb="0" cb="0"/><line nr="85" mi="0" ci="3" mb="0" cb="0"/><line nr="86" mi="0" ci="3" mb="0" cb="0"/><line nr="88" mi="0" ci="7" mb="0" cb="0"/><line nr="89" mi="0" ci="1" mb="0" cb="0"/><line nr="90" mi="0" ci="2" mb="0" cb="0"/><line nr="91" mi="0" ci="3" mb="0" cb="0"/><line nr="92" mi="0" ci="3" mb="0" cb="0"/><line nr="93" mi="0" ci="5" mb="0" cb="0"/><line nr="94" mi="0" ci="1" mb="0" cb="0"/><line nr="98" mi="0" ci="9" mb="0" cb="0"/><line nr="99" mi="0" ci="1" mb="0" cb="0"/><line nr="106" mi="0" ci="9" mb="1" cb="3"/><line nr="114" mi="0" ci="5" mb="0" cb="0"/><line nr="115" mi="0" ci="9" mb="0" cb="2"/><line nr="116" mi="0" ci="5" mb="0" cb="0"/><line nr="117" mi="0" ci="1" mb="0" cb="0"/><line nr="118" mi="0" ci="1" mb="0" cb="0"/><line nr="122" mi="0" ci="6" mb="0" cb="0"/><line nr="123" mi="0" ci="4" mb="0" cb="4"/><line nr="125" mi="0" ci="1" mb="0" cb="0"/><line nr="128" mi="0" ci="3" mb="0" cb="0"/><line nr="129" mi="0" ci="6" mb="0" cb="4"/><line nr="131" mi="0" ci="1" mb="0" cb="0"/><line nr="134" mi="0" ci="4" mb="0" cb="0"/><line nr="135" mi="0" ci="2" mb="0" cb="2"/><line nr="137" mi="0" ci="1" mb="0" cb="0"/><line nr="139" mi="0" ci="3" mb="0" cb="2"/><line nr="141" mi="0" ci="1" mb="0" cb="0"/><line nr="144" mi="0" ci="3" mb="0" cb="0"/><line nr="145" mi="0" ci="3" mb="1" cb="1"/><line nr="147" mi="0" ci="11" mb="0" cb="2"/><line nr="148" mi="0" ci="6" mb="0" cb="0"/><line nr="151" mi="0" ci="6" mb="0" cb="0"/><line nr="152" mi="0" ci="2" mb="0" cb="2"/><line nr="154" mi="0" ci="2" mb="0" cb="0"/><line nr="157" mi="0" ci="9" mb="0" cb="0"/><line nr="158" mi="0" ci="3" mb="0" cb="0"/><line nr="159" mi="0" ci="5" mb="0" cb="0"/><line nr="160" mi="0" ci="4" mb="0" cb="0"/><line nr="161" mi="0" ci="9" mb="0" cb="0"/><line nr="162" mi="0" ci="3" mb="0" cb="2"/><line nr="164" mi="0" ci="1" mb="0" cb="0"/><line nr="166" mi="0" ci="4" mb="1" cb="1"/><line nr="168" mi="0" ci="2" mb="0" cb="0"/><line nr="170" mi="0" ci="1" mb="0" cb="0"/><line nr="174" mi="0" ci="6" mb="0" cb="0"/><line nr="179" mi="0" ci="3" mb="0" cb="0"/><line nr="180" mi="0" ci="3" mb="0" cb="0"/><line nr="181" mi="0" ci="5" mb="2" cb="2"/><line nr="183" mi="2" ci="0" mb="0" cb="0"/><line nr="185" mi="0" ci="4" mb="0" cb="0"/><line nr="186" mi="0" ci="10" mb="0" cb="2"/><line nr="188" mi="0" ci="10" mb="3" cb="3"/><line nr="190" mi="0" ci="6" mb="0" cb="0"/><line nr="191" mi="0" ci="4" mb="1" cb="1"/><line nr="193" mi="0" ci="4" mb="0" cb="0"/><line nr="196" mi="0" ci="1" mb="0" cb="0"/><line nr="197" mi="0" ci="3" mb="1" cb="1"/><line nr="199" mi="2" ci="0" mb="0" cb="0"/><line nr="201" mi="0" ci="5" mb="0" cb="0"/><line nr="202" mi="0" ci="4" mb="0" cb="0"/><line nr="203" mi="0" ci="9" mb="0" cb="0"/><line nr="204" mi="0" ci="3" mb="0" cb="2"/><line nr="206" mi="0" ci="4" mb="0" cb="0"/><line nr="207" mi="0" ci="2" mb="0" cb="0"/><line nr="209" mi="0" ci="3" mb="0" cb="0"/><line nr="210" mi="0" ci="3" mb="0" cb="2"/><line nr="212" mi="0" ci="3" mb="0" cb="0"/><line nr="213" mi="0" ci="2" mb="0" cb="0"/><line nr="215" mi="0" ci="4" mb="0" cb="2"/><line nr="217" mi="0" ci="3" mb="0" cb="0"/><line nr="218" mi="0" ci="2" mb="0" cb="0"/><line nr="219" mi="0" ci="2" mb="0" cb="0"/><line nr="221" mi="0" ci="3" mb="0" cb="0"/><line nr="222" mi="0" ci="2" mb="0" cb="0"/><line nr="227" mi="0" ci="3" mb="0" cb="0"/><line nr="228" mi="0" ci="3" mb="0" cb="0"/><line nr="229" mi="0" ci="12" mb="3" cb="5"/><line nr="231" mi="0" ci="4" mb="0" cb="0"/><line nr="233" mi="0" ci="8" mb="1" cb="3"/><line nr="235" mi="0" ci="2" mb="0" cb="0"/><line nr="238" mi="0" ci="5" mb="0" cb="0"/><line nr="239" mi="0" ci="5" mb="0" cb="0"/><line nr="240" mi="0" ci="4" mb="0" cb="0"/><line nr="242" mi="0" ci="2" mb="0" cb="0"/><line nr="243" mi="0" ci="3" mb="0" cb="2"/><line nr="245" mi="0" ci="1" mb="0" cb="0"/><line nr="247" mi="0" ci="5" mb="0" cb="0"/><line nr="248" mi="0" ci="5" mb="0" cb="0"/><line nr="249" mi="0" ci="4" mb="0" cb="0"/><line nr="250" mi="0" ci="9" mb="0" cb="0"/><line nr="251" mi="0" ci="3" mb="0" cb="2"/><line nr="253" mi="0" ci="5" mb="0" cb="0"/><line nr="255" mi="0" ci="3" mb="0" cb="0"/><line nr="256" mi="0" ci="3" mb="0" cb="2"/><line nr="258" mi="0" ci="4" mb="0" cb="0"/><line nr="261" mi="0" ci="4" mb="0" cb="2"/><line nr="263" mi="0" ci="4" mb="0" cb="0"/><line nr="265" mi="0" ci="3" mb="0" cb="0"/><line nr="266" mi="0" ci="2" mb="0" cb="0"/><line nr="267" mi="0" ci="2" mb="0" cb="0"/><line nr="272" mi="0" ci="3" mb="0" cb="0"/><line nr="273" mi="0" ci="3" mb="0" cb="0"/><line nr="274" mi="0" ci="6" mb="1" cb="3"/><line nr="276" mi="0" ci="4" mb="0" cb="0"/><line nr="279" mi="0" ci="5" mb="0" cb="0"/><line nr="280" mi="0" ci="5" mb="1" cb="3"/><line nr="282" mi="0" ci="4" mb="0" cb="0"/><line nr="285" mi="0" ci="2" mb="0" cb="0"/><line nr="286" mi="0" ci="2" mb="0" cb="2"/><line nr="288" mi="0" ci="4" mb="0" cb="0"/><line nr="289" mi="0" ci="5" mb="1" cb="3"/><line nr="291" mi="0" ci="4" mb="0" cb="0"/><line nr="293" mi="0" ci="3" mb="0" cb="0"/><line nr="296" mi="0" ci="2" mb="0" cb="0"/><line nr="297" mi="0" ci="7" mb="0" cb="4"/><line nr="299" mi="0" ci="4" mb="0" cb="0"/><line nr="302" mi="0" ci="12" mb="0" cb="6"/><line nr="303" mi="0" ci="3" mb="1" cb="1"/><line nr="305" mi="0" ci="2" mb="0" cb="0"/><line nr="308" mi="0" ci="4" mb="0" cb="0"/><line nr="309" mi="0" ci="5" mb="0" cb="0"/><line nr="310" mi="0" ci="2" mb="0" cb="2"/><line nr="312" mi="0" ci="3" mb="0" cb="0"/><line nr="314" mi="0" ci="2" mb="0" cb="2"/><line nr="316" mi="0" ci="3" mb="0" cb="0"/><line nr="319" mi="0" ci="9" mb="0" cb="0"/><line nr="320" mi="0" ci="3" mb="0" cb="2"/><line nr="322" mi="0" ci="5" mb="0" cb="0"/><line nr="324" mi="0" ci="3" mb="0" cb="0"/><line nr="325" mi="0" ci="3" mb="0" cb="2"/><line nr="327" mi="0" ci="4" mb="0" cb="0"/><line nr="330" mi="0" ci="2" mb="0" cb="2"/><line nr="332" mi="0" ci="3" mb="0" cb="0"/><line nr="334" mi="0" ci="2" mb="0" cb="2"/><line nr="336" mi="0" ci="3" mb="0" cb="0"/><line nr="338" mi="0" ci="3" mb="0" cb="0"/><line nr="339" mi="0" ci="2" mb="0" cb="0"/><line nr="340" mi="0" ci="2" mb="0" cb="0"/><line nr="345" mi="0" ci="3" mb="0" cb="0"/><line nr="350" mi="0" ci="3" mb="0" cb="0"/><line nr="351" mi="0" ci="2" mb="0" cb="0"/><line nr="356" mi="0" ci="5" mb="2" cb="2"/><line nr="358" mi="1" ci="0" mb="0" cb="0"/><line nr="360" mi="0" ci="5" mb="0" cb="2"/><line nr="362" mi="0" ci="6" mb="0" cb="0"/><line nr="364" mi="0" ci="5" mb="1" cb="1"/><line nr="366" mi="0" ci="5" mb="0" cb="0"/><line nr="368" mi="0" ci="1" mb="0" cb="0"/><line nr="372" mi="0" ci="10" mb="0" cb="2"/><line nr="374" mi="0" ci="4" mb="1" cb="1"/><line nr="376" mi="1" ci="0" mb="0" cb="0"/><line nr="378" mi="0" ci="1" mb="0" cb="0"/><line nr="379" mi="0" ci="4" mb="0" cb="0"/><line nr="380" mi="0" ci="1" mb="0" cb="0"/><line nr="384" mi="0" ci="9" mb="0" cb="0"/><line nr="385" mi="0" ci="1" mb="0" cb="0"/><line nr="389" mi="0" ci="11" mb="0" cb="0"/><line nr="390" mi="0" ci="4" mb="0" cb="0"/><line nr="391" mi="0" ci="2" mb="0" cb="0"/><line nr="396" mi="0" ci="4" mb="0" cb="0"/><line nr="397" mi="0" ci="10" mb="0" cb="2"/><line nr="399" mi="0" ci="2" mb="1" cb="1"/><line nr="401" mi="0" ci="8" mb="0" cb="0"/><line nr="403" mi="0" ci="1" mb="0" cb="0"/><line nr="404" mi="0" ci="2" mb="0" cb="0"/><line nr="409" mi="0" ci="2" mb="1" cb="1"/><line nr="411" mi="6" ci="0" mb="2" cb="0"/><line nr="413" mi="0" ci="4" mb="0" cb="0"/><line nr="418" mi="0" ci="8" mb="0" cb="2"/><line nr="423" mi="0" ci="8" mb="0" cb="2"/><line nr="428" mi="0" ci="3" mb="0" cb="2"/><line nr="430" mi="0" ci="2" mb="0" cb="0"/><line nr="433" mi="0" ci="3" mb="0" cb="0"/><line nr="434" mi="0" ci="10" mb="0" cb="0"/><line nr="435" mi="0" ci="5" mb="0" cb="0"/><line nr="436" mi="0" ci="3" mb="0" cb="0"/><line nr="437" mi="0" ci="2" mb="0" cb="0"/><line nr="442" mi="0" ci="3" mb="0" cb="2"/><line nr="444" mi="0" ci="2" mb="0" cb="0"/><line nr="447" mi="0" ci="3" mb="0" cb="0"/><line nr="448" mi="0" ci="10" mb="0" cb="0"/><line nr="449" mi="0" ci="4" mb="0" cb="0"/><line nr="450" mi="0" ci="3" mb="0" cb="0"/><line nr="451" mi="0" ci="2" mb="0" cb="0"/><line nr="456" mi="0" ci="3" mb="0" cb="0"/><line nr="457" mi="0" ci="3" mb="0" cb="0"/><line nr="458" mi="0" ci="1" mb="0" cb="0"/><line nr="462" mi="0" ci="14" mb="0" cb="0"/><line nr="467" mi="0" ci="4" mb="0" cb="0"/><line nr="468" mi="0" ci="1" mb="0" cb="0"/><line nr="472" mi="0" ci="2" mb="1" cb="1"/><line nr="474" mi="1" ci="0" mb="0" cb="0"/><line nr="476" mi="0" ci="5" mb="0" cb="0"/><line nr="477" mi="0" ci="5" mb="0" cb="2"/><line nr="479" mi="0" ci="6" mb="0" cb="0"/><line nr="481" mi="0" ci="2" mb="0" cb="2"/><line nr="483" mi="0" ci="3" mb="0" cb="0"/><line nr="485" mi="0" ci="1" mb="0" cb="0"/><line nr="489" mi="0" ci="2" mb="1" cb="1"/><line nr="491" mi="1" ci="0" mb="0" cb="0"/><line nr="493" mi="0" ci="3" mb="0" cb="0"/><line nr="494" mi="0" ci="7" mb="0" cb="0"/><line nr="495" mi="0" ci="4" mb="0" cb="0"/><line nr="496" mi="0" ci="4" mb="0" cb="0"/><line nr="497" mi="0" ci="4" mb="0" cb="0"/><line nr="498" mi="0" ci="3" mb="0" cb="0"/><line nr="499" mi="0" ci="3" mb="0" cb="2"/><line nr="501" mi="0" ci="2" mb="0" cb="0"/><line nr="503" mi="0" ci="1" mb="0" cb="0"/><line nr="507" mi="0" ci="4" mb="0" cb="0"/><line nr="508" mi="0" ci="11" mb="0" cb="2"/><line nr="510" mi="0" ci="4" mb="0" cb="0"/><line nr="511" mi="0" ci="2" mb="1" cb="1"/><line nr="513" mi="0" ci="9" mb="0" cb="0"/><line nr="515" mi="0" ci="1" mb="0" cb="0"/><line nr="516" mi="0" ci="2" mb="0" cb="0"/><line nr="521" mi="0" ci="10" mb="0" cb="0"/><line nr="522" mi="0" ci="4" mb="0" cb="0"/><line nr="523" mi="0" ci="4" mb="0" cb="0"/><line nr="524" mi="0" ci="6" mb="0" cb="0"/><line nr="525" mi="0" ci="6" mb="0" cb="0"/><line nr="526" mi="0" ci="6" mb="0" cb="0"/><line nr="527" mi="0" ci="6" mb="0" cb="0"/><line nr="528" mi="0" ci="6" mb="0" cb="0"/><line nr="529" mi="0" ci="11" mb="0" cb="2"/><line nr="531" mi="0" ci="2" mb="1" cb="1"/><line nr="533" mi="0" ci="9" mb="0" cb="0"/><line nr="535" mi="0" ci="1" mb="0" cb="0"/><line nr="536" mi="0" ci="2" mb="0" cb="0"/><line nr="541" mi="0" ci="2" mb="0" cb="2"/><line nr="543" mi="0" ci="2" mb="0" cb="0"/><line nr="545" mi="0" ci="4" mb="0" cb="0"/><line nr="546" mi="0" ci="2" mb="0" cb="0"/><line nr="547" mi="0" ci="2" mb="0" cb="0"/><line nr="548" mi="0" ci="2" mb="0" cb="0"/><line nr="549" mi="0" ci="2" mb="0" cb="0"/><line nr="554" mi="0" ci="9" mb="0" cb="2"/><line nr="559" mi="0" ci="6" mb="0" cb="0"/><line nr="560" mi="0" ci="2" mb="1" cb="1"/><line nr="562" mi="2" ci="0" mb="0" cb="0"/><line nr="564" mi="0" ci="4" mb="0" cb="0"/><line nr="565" mi="0" ci="6" mb="0" cb="0"/><line nr="566" mi="0" ci="2" mb="0" cb="2"/><line nr="568" mi="0" ci="2" mb="0" cb="0"/><line nr="570" mi="0" ci="4" mb="0" cb="0"/><line nr="571" mi="0" ci="6" mb="0" cb="0"/><line nr="572" mi="3" ci="3" mb="3" cb="1"/><line nr="574" mi="2" ci="0" mb="0" cb="0"/><line nr="577" mi="0" ci="10" mb="0" cb="2"/><line nr="579" mi="0" ci="6" mb="0" cb="0"/><line nr="580" mi="0" ci="1" mb="0" cb="0"/><line nr="581" mi="0" ci="10" mb="0" cb="2"/><line nr="583" mi="0" ci="7" mb="0" cb="0"/><line nr="584" mi="0" ci="1" mb="0" cb="0"/><line nr="586" mi="0" ci="6" mb="1" cb="3"/><line nr="588" mi="0" ci="11" mb="0" cb="0"/><line nr="590" mi="0" ci="12" mb="3" cb="3"/><line nr="592" mi="3" ci="0" mb="0" cb="0"/><line nr="594" mi="0" ci="5" mb="0" cb="0"/><line nr="595" mi="0" ci="2" mb="0" cb="0"/><line nr="600" mi="0" ci="4" mb="0" cb="0"/><line nr="601" mi="0" ci="5" mb="0" cb="0"/><line nr="602" mi="0" ci="4" mb="0" cb="0"/><line nr="603" mi="0" ci="4" mb="0" cb="0"/><line nr="604" mi="0" ci="4" mb="0" cb="0"/><line nr="605" mi="0" ci="4" mb="0" cb="0"/><line nr="606" mi="3" ci="9" mb="1" cb="1"/><line nr="608" mi="0" ci="10" mb="0" cb="2"/><line nr="610" mi="0" ci="2" mb="1" cb="1"/><line nr="612" mi="1" ci="0" mb="0" cb="0"/><line nr="614" mi="0" ci="3" mb="0" cb="2"/><line nr="616" mi="0" ci="4" mb="0" cb="2"/><line nr="618" mi="0" ci="7" mb="0" cb="0"/><line nr="619" mi="0" ci="7" mb="0" cb="0"/><line nr="620" mi="0" ci="4" mb="0" cb="0"/><line nr="621" mi="0" ci="2" mb="0" cb="0"/><line nr="622" mi="2" ci="6" mb="1" cb="1"/><line nr="624" mi="0" ci="4" mb="0" cb="0"/><line nr="625" mi="0" ci="4" mb="0" cb="0"/><line nr="626" mi="0" ci="1" mb="0" cb="0"/><line nr="629" mi="0" ci="12" mb="3" cb="3"/><line nr="631" mi="5" ci="0" mb="0" cb="0"/><line nr="633" mi="0" ci="4" mb="0" cb="0"/><line nr="634" mi="0" ci="1" mb="0" cb="0"/><line nr="636" mi="3" ci="3" mb="3" cb="1"/><line nr="638" mi="0" ci="7" mb="0" cb="0"/><line nr="639" mi="0" ci="7" mb="0" cb="0"/><line nr="640" mi="0" ci="4" mb="0" cb="0"/><line nr="643" mi="0" ci="3" mb="1" cb="1"/><line nr="645" mi="12" ci="0" mb="0" cb="0"/><line nr="646" mi="5" ci="0" mb="0" cb="0"/><line nr="647" mi="9" ci="0" mb="2" cb="0"/><line nr="648" mi="4" ci="0" mb="0" cb="0"/><line nr="649" mi="2" ci="0" mb="0" cb="0"/><line nr="652" mi="0" ci="8" mb="0" cb="2"/><line nr="654" mi="0" ci="5" mb="0" cb="0"/><line nr="655" mi="0" ci="11" mb="0" cb="0"/><line nr="656" mi="0" ci="3" mb="0" cb="0"/><line nr="657" mi="0" ci="8" mb="0" cb="0"/><line nr="658" mi="0" ci="13" mb="0" cb="2"/><line nr="660" mi="0" ci="8" mb="0" cb="0"/><line nr="661" mi="0" ci="1" mb="0" cb="0"/><line nr="662" mi="0" ci="6" mb="0" cb="2"/><line nr="664" mi="0" ci="9" mb="0" cb="0"/><line nr="666" mi="0" ci="3" mb="0" cb="2"/><line nr="668" mi="0" ci="4" mb="0" cb="0"/><line nr="670" mi="0" ci="4" mb="0" cb="0"/><line nr="672" mi="0" ci="2" mb="0" cb="0"/><line nr="677" mi="0" ci="6" mb="1" cb="3"/><line nr="679" mi="0" ci="6" mb="0" cb="0"/><line nr="681" mi="0" ci="3" mb="0" cb="0"/><line nr="686" mi="0" ci="10" mb="0" cb="2"/><line nr="688" mi="0" ci="5" mb="1" cb="3"/><line nr="690" mi="0" ci="2" mb="0" cb="0"/><line nr="692" mi="0" ci="1" mb="0" cb="0"/><line nr="693" mi="0" ci="2" mb="0" cb="0"/><line nr="698" mi="0" ci="4" mb="0" cb="0"/><line nr="699" mi="0" ci="3" mb="1" cb="1"/><line nr="701" mi="2" ci="0" mb="0" cb="0"/><line nr="703" mi="0" ci="3" mb="0" cb="0"/><line nr="704" mi="0" ci="16" mb="2" cb="4"/><line nr="705" mi="0" ci="6" mb="0" cb="0"/><line nr="706" mi="0" ci="4" mb="0" cb="0"/><line nr="707" mi="0" ci="14" mb="0" cb="2"/><line nr="709" mi="0" ci="8" mb="1" cb="3"/><line nr="711" mi="0" ci="4" mb="0" cb="0"/><line nr="713" mi="0" ci="1" mb="0" cb="0"/><line nr="714" mi="0" ci="2" mb="0" cb="0"/><line nr="719" mi="0" ci="4" mb="0" cb="0"/><line nr="720" mi="0" ci="12" mb="0" cb="2"/><line nr="722" mi="0" ci="7" mb="1" cb="3"/><line nr="724" mi="0" ci="4" mb="0" cb="0"/><line nr="726" mi="0" ci="1" mb="0" cb="0"/><line nr="727" mi="0" ci="2" mb="0" cb="0"/><line nr="732" mi="0" ci="2" mb="1" cb="1"/><line nr="734" mi="2" ci="0" mb="0" cb="0"/><line nr="736" mi="0" ci="8" mb="0" cb="0"/><line nr="737" mi="0" ci="3" mb="0" cb="0"/><line nr="739" mi="0" ci="10" mb="0" cb="2"/><line nr="741" mi="0" ci="5" mb="2" cb="2"/><line nr="743" mi="1" ci="0" mb="0" cb="0"/><line nr="745" mi="0" ci="5" mb="0" cb="0"/><line nr="746" mi="0" ci="5" mb="0" cb="2"/><line nr="748" mi="0" ci="4" mb="0" cb="2"/><line nr="750" mi="0" ci="3" mb="0" cb="0"/><line nr="752" mi="0" ci="5" mb="0" cb="0"/><line nr="754" mi="0" ci="5" mb="0" cb="2"/><line nr="756" mi="0" ci="4" mb="0" cb="2"/><line nr="758" mi="0" ci="3" mb="0" cb="0"/><line nr="760" mi="0" ci="5" mb="0" cb="0"/><line nr="762" mi="0" ci="7" mb="1" cb="3"/><line nr="764" mi="0" ci="3" mb="0" cb="0"/><line nr="766" mi="0" ci="1" mb="0" cb="0"/><line nr="767" mi="0" ci="2" mb="0" cb="0"/><line nr="772" mi="0" ci="4" mb="0" cb="0"/><line nr="773" mi="0" ci="10" mb="0" cb="2"/><line nr="775" mi="0" ci="2" mb="1" cb="1"/><line nr="777" mi="0" ci="6" mb="0" cb="0"/><line nr="779" mi="0" ci="1" mb="0" cb="0"/><line nr="780" mi="0" ci="2" mb="0" cb="0"/><line nr="785" mi="0" ci="10" mb="1" cb="1"/><line nr="787" mi="0" ci="6" mb="1" cb="3"/><line nr="789" mi="0" ci="2" mb="0" cb="0"/><line nr="791" mi="0" ci="1" mb="0" cb="0"/><line nr="792" mi="2" ci="0" mb="0" cb="0"/><line nr="801" mi="0" ci="2" mb="0" cb="0"/><line nr="802" mi="0" ci="3" mb="0" cb="0"/><line nr="803" mi="0" ci="3" mb="0" cb="0"/><line nr="804" mi="0" ci="1" mb="0" cb="0"/><line nr="808" mi="0" ci="6" mb="0" cb="0"/><line nr="813" mi="0" ci="6" mb="0" cb="0"/><line nr="819" mi="0" ci="2" mb="0" cb="2"/><line nr="821" mi="0" ci="2" mb="0" cb="0"/><line nr="823" mi="0" ci="3" mb="0" cb="0"/><line nr="824" mi="0" ci="3" mb="0" cb="2"/><line nr="826" mi="0" ci="2" mb="0" cb="0"/><line nr="828" mi="0" ci="3" mb="0" cb="2"/><line nr="830" mi="0" ci="4" mb="0" cb="0"/><line nr="832" mi="0" ci="5" mb="0" cb="0"/><line nr="837" mi="0" ci="3" mb="0" cb="0"/><line nr="838" mi="0" ci="2" mb="0" cb="2"/><line nr="840" mi="0" ci="2" mb="0" cb="0"/><line nr="842" mi="0" ci="5" mb="0" cb="0"/><line nr="847" mi="0" ci="2" mb="0" cb="0"/><line nr="848" mi="0" ci="2" mb="0" cb="0"/><line nr="849" mi="0" ci="7" mb="1" cb="1"/><line nr="851" mi="0" ci="5" mb="0" cb="0"/><line nr="852" mi="0" ci="6" mb="1" cb="3"/><line nr="854" mi="0" ci="2" mb="0" cb="0"/><line nr="856" mi="4" ci="2" mb="3" cb="1"/><line nr="858" mi="1" ci="0" mb="0" cb="0"/><line nr="860" mi="0" ci="2" mb="0" cb="0"/><line nr="861" mi="0" ci="2" mb="0" cb="0"/><line nr="863" mi="2" ci="0" mb="0" cb="0"/><line nr="868" mi="0" ci="4" mb="2" cb="2"/><line nr="870" mi="2" ci="0" mb="0" cb="0"/><line nr="872" mi="0" ci="11" mb="0" cb="2"/><line nr="874" mi="0" ci="9" mb="1" cb="3"/><line nr="876" mi="0" ci="4" mb="0" cb="0"/><line nr="878" mi="0" ci="1" mb="0" cb="0"/><line nr="879" mi="0" ci="2" mb="0" cb="0"/><line nr="896" mi="0" ci="2" mb="0" cb="0"/><line nr="897" mi="0" ci="3" mb="0" cb="0"/><line nr="898" mi="0" ci="6" mb="0" cb="2"/><line nr="899" mi="0" ci="3" mb="0" cb="2"/><line nr="900" mi="0" ci="7" mb="0" cb="2"/><line nr="901" mi="0" ci="2" mb="0" cb="2"/><line nr="903" mi="0" ci="7" mb="0" cb="0"/><line nr="905" mi="0" ci="3" mb="0" cb="0"/><line nr="906" mi="0" ci="2" mb="0" cb="2"/><line nr="908" mi="0" ci="2" mb="0" cb="0"/><line nr="910" mi="0" ci="6" mb="0" cb="0"/><line nr="911" mi="0" ci="1" mb="0" cb="0"/><line nr="915" mi="0" ci="3" mb="0" cb="0"/><line nr="916" mi="0" ci="4" mb="0" cb="2"/><line nr="917" mi="0" ci="4" mb="0" cb="0"/><line nr="918" mi="0" ci="3" mb="0" cb="0"/><line nr="919" mi="0" ci="10" mb="0" cb="2"/><line nr="921" mi="0" ci="5" mb="2" cb="2"/><line nr="923" mi="0" ci="7" mb="0" cb="0"/><line nr="925" mi="0" ci="1" mb="0" cb="0"/><line nr="928" mi="0" ci="3" mb="0" cb="0"/><line nr="930" mi="0" ci="5" mb="0" cb="0"/><line nr="931" mi="0" ci="9" mb="0" cb="4"/><line nr="933" mi="0" ci="5" mb="0" cb="0"/><line nr="934" mi="0" ci="3" mb="0" cb="0"/><line nr="936" mi="0" ci="6" mb="0" cb="0"/><line nr="937" mi="5" ci="8" mb="3" cb="3"/><line nr="938" mi="0" ci="1" mb="0" cb="0"/><line nr="945" mi="0" ci="3" mb="0" cb="0"/><line nr="946" mi="0" ci="5" mb="0" cb="2"/><line nr="948" mi="0" ci="6" mb="0" cb="0"/><line nr="950" mi="0" ci="1" mb="0" cb="0"/><line nr="954" mi="0" ci="4" mb="0" cb="0"/><line nr="959" mi="0" ci="4" mb="0" cb="2"/><line nr="961" mi="0" ci="4" mb="0" cb="0"/><line nr="964" mi="0" ci="10" mb="2" cb="2"/><line nr="966" mi="4" ci="0" mb="0" cb="0"/><line nr="968" mi="0" ci="6" mb="0" cb="2"/><line nr="970" mi="0" ci="4" mb="0" cb="0"/><line nr="973" mi="0" ci="6" mb="0" cb="0"/><line nr="974" mi="0" ci="5" mb="0" cb="2"/><line nr="976" mi="0" ci="6" mb="0" cb="0"/><line nr="980" mi="0" ci="6" mb="0" cb="0"/><line nr="982" mi="0" ci="2" mb="0" cb="0"/><line nr="987" mi="0" ci="4" mb="0" cb="0"/><line nr="988" mi="0" ci="8" mb="0" cb="0"/><line nr="989" mi="0" ci="9" mb="0" cb="0"/><line nr="990" mi="0" ci="4" mb="0" cb="0"/><line nr="991" mi="0" ci="4" mb="0" cb="0"/><line nr="992" mi="0" ci="2" mb="0" cb="0"/><line nr="1000" mi="0" ci="7" mb="0" cb="0"/><line nr="1008" mi="0" ci="4" mb="0" cb="0"/><line nr="1009" mi="0" ci="2" mb="0" cb="0"/><line nr="1010" mi="0" ci="4" mb="0" cb="0"/><line nr="1011" mi="0" ci="7" mb="0" cb="0"/><line nr="1012" mi="0" ci="7" mb="0" cb="0"/><line nr="1013" mi="0" ci="4" mb="0" cb="0
[...]
5"><counter type="INSTRUCTION" missed="0" covered="156"/><counter type="BRANCH" missed="3" covered="21"/><counter type="LINE" missed="0" covered="33"/><counter type="COMPLEXITY" missed="3" covered="10"/><counter type="METHOD" missed="0" covered="1"/></method><method name="computeDirectPaymentsStructured" desc="(Ljava/util/List;)Ljava/util/List;" line="86"><counter type="INSTRUCTION" missed="0" covered="154"/><counter type="BRANCH" missed="3" covered="21"/><counter type="LINE" missed="0" covered="32"/><counter type="COMPLEXITY" missed="3" covered="10"/><counter type="METHOD" missed="0" covered="1"/></method><method name="lambda$computeDirectPaymentsStructured$3" desc="(Lcom/splitmanager/models/PlayerMetrics;Lcom/splitmanager/models/PlayerMetrics;)I" line="100"><counter type="INSTRUCTION" missed="0" covered="8"/><counter type="LINE" missed="0" covered="1"/><counter type="COMPLEXITY" missed="0" covered="1"/><counter type="METHOD" missed="0" covered="1"/></method><method name="lambda$computeDirectPaymentsStructured$2" desc="(Lcom/splitmanager/models/PlayerMetrics;Lcom/splitmanager/models/PlayerMetrics;)I" line="99"><counter type="INSTRUCTION" missed="0" covered="6"/><counter type="LINE" missed="0" covered="1"/><counter type="COMPLEXITY" missed="0" covered="1"/><counter type="METHOD" missed="0" covered="1"/></method><method name="lambda$computeDirectPayments$1" desc="(Lcom/splitmanager/models/PlayerMetrics;Lcom/splitmanager/models/PlayerMetrics;)I" line="41"><counter type="INSTRUCTION" missed="0" covered="8"/><counter type="LINE" missed="0" covered="1"/><counter type="COMPLEXITY" missed="0" covered="1"/><counter type="METHOD" missed="0" covered="1"/></method><method name="lambda$computeDirectPayments$0" desc="(Lcom/splitmanager/models/PlayerMetrics;Lcom/splitmanager/models/PlayerMetrics;)I" line="40"><counter type="INSTRUCTION" missed="0" covered="6"/><counter type="LINE" missed="0" covered="1"/><counter type="COMPLEXITY" missed="0" covered="1"/><counter type="METHOD" missed="0" covered="1"/></method><counter type="INSTRUCTION" missed="3" covered="338"/><counter type="BRANCH" missed="6" covered="42"/><counter type="LINE" missed="1" covered="65"/><counter type="COMPLEXITY" missed="7" covered="24"/><counter type="METHOD" missed="1" covered="6"/><counter type="CLASS" missed="0" covered="1"/></class><class name="com/splitmanager/utils/Formats$OsrsAmountFormatter" sourcefilename="Formats.java"><method name="&lt;init&gt;" desc="()V" line="94"><counter type="INSTRUCTION" missed="0" covered="3"/><counter type="LINE" missed="0" covered="1"/><counter type="COMPLEXITY" missed="0" covered="1"/><counter type="METHOD" missed="0" covered="1"/></method><method name="getBigDecimal" desc="(Ljava/math/BigDecimal;C)Ljava/math/BigDecimal;" line="101"><counter type="INSTRUCTION" missed="6" covered="27"/><counter type="BRANCH" missed="1" covered="5"/><counter type="LINE" missed="1" covered="11"/><counter type="COMPLEXITY" missed="1" covered="4"/><counter type="METHOD" missed="0" covered="1"/></method><method name="toSuffixString" desc="(JC)Ljava/lang/String;" line="140"><counter type="INSTRUCTION" missed="0" covered="48"/><counter type="BRANCH" missed="0" covered="4"/><counter type="LINE" missed="0" covered="17"/><counter type="COMPLEXITY" missed="0" covered="4"/><counter type="METHOD" missed="0" covered="1"/></method><method name="toSuffixString" desc="(JLjava/lang/String;)Ljava/lang/String;" line="178"><counter type="INSTRUCTION" missed="0" covered="15"/><counter type="BRANCH" missed="1" covered="3"/><counter type="LINE" missed="0" covered="3"/><counter type="COMPLEXITY" missed="1" covered="2"/><counter type="METHOD" missed="0" covered="1"/></method><method name="stringAmountToLongAmount" desc="(Ljava/lang/String;Lcom/splitmanager/PluginConfig;)J" line="187"><counter type="INSTRUCTION" missed="0" covered="65"/><counter type="BRANCH" missed="0" covered="8"/><counter type="LINE" missed="0" covered="16"/><counter type="COMPLEXITY" missed="0" covered="5"/><counter type="METHOD" missed="0" covered="1"/></method><method name="stringToValue" desc="(Ljava/lang/String;)Ljava/lang/Object;" line="220"><counter type="INSTRUCTION" missed="0" covered="110"/><counter type="BRANCH" missed="1" covered="13"/><counter type="LINE" missed="0" covered="25"/><counter type="COMPLEXITY" missed="1" covered="7"/><counter type="METHOD" missed="0" covered="1"/></method><method name="valueToString" desc="(Ljava/lang/Object;)Ljava/lang/String;" line="273"><counter type="INSTRUCTION" missed="0" covered="23"/><counter type="BRANCH" missed="1" covered="5"/><counter type="LINE" missed="0" covered="7"/><counter type="COMPLEXITY" missed="1" covered="3"/><counter type="METHOD" missed="0" covered="1"/></method><method name="&lt;clinit&gt;" desc="()V" line="96"><counter type="INSTRUCTION" missed="0" covered="4"/><counter type="LINE" missed="0" covered="2"/><counter type="COMPLEXITY" missed="0" covered="1"/><counter type="METHOD" missed="0" covered="1"/></method><counter type="INSTRUCTION" missed="6" covered="295"/><counter type="BRANCH" missed="4" covered="38"/><counter type="LINE" missed="1" covered="82"/><counter type="COMPLEXITY" missed="4" covered="27"/><counter type="METHOD" missed="0" covered="8"/><counter type="CLASS" missed="0" covered="1"/></class><sourcefile name="MarkdownFormatter.java"><line nr="19" mi="3" ci="0" mb="0" cb="0"/><line nr="27" mi="0" ci="2" mb="0" cb="0"/><line nr="28" mi="0" ci="4" mb="0" cb="0"/><line nr="30" mi="0" ci="3" mb="0" cb="2"/><line nr="32" mi="0" ci="3" mb="0" cb="0"/><line nr="33" mi="0" ci="3" mb="1" cb="1"/><line nr="35" mi="0" ci="6" mb="0" cb="0"/><line nr="36" mi="0" ci="10" mb="0" cb="2"/><line nr="38" mi="0" ci="8" mb="0" cb="0"/><line nr="39" mi="0" ci="1" mb="0" cb="0"/><line nr="43" mi="0" ci="3" mb="0" cb="2"/><line nr="45" mi="0" ci="4" mb="0" cb="0"/><line nr="48" mi="0" ci="3" mb="0" cb="2"/><line nr="50" mi="0" ci="6" mb="0" cb="0"/><line nr="54" mi="0" ci="4" mb="0" cb="0"/><line nr="57" mi="0" ci="3" mb="0" cb="2"/><line nr="59" mi="0" ci="4" mb="0" cb="0"/><line nr="62" mi="0" ci="3" mb="0" cb="0"/><line nr="70" mi="0" ci="4" mb="0" cb="0"/><line nr="71" mi="0" ci="3" mb="0" cb="0"/><line nr="72" mi="0" ci="3" mb="0" cb="0"/><line nr="73" mi="0" ci="3" mb="0" cb="0"/><line nr="75" mi="0" ci="10" mb="0" cb="2"/><line nr="77" mi="2" ci="9" mb="1" cb="1"/><line nr="78" mi="0" ci="5" mb="0" cb="0"/><line nr="79" mi="0" ci="3" mb="0" cb="0"/><line nr="81" mi="0" ci="3" mb="0" cb="2"/><line nr="83" mi="0" ci="3" mb="0" cb="0"/><line nr="86" mi="0" ci="4" mb="0" cb="0"/><line nr="87" mi="0" ci="17" mb="0" cb="0"/><line nr="89" mi="0" ci="4" mb="0" cb="2"/><line nr="91" mi="0" ci="3" mb="0" cb="0"/><line nr="93" mi="0" ci="4" mb="0" cb="2"/><line nr="95" mi="0" ci="3" mb="0" cb="0"/><line nr="97" mi="0" ci="4" mb="0" cb="2"/><line nr="99" mi="0" ci="3" mb="0" cb="0"/><line nr="101" mi="0" ci="1" mb="0" cb="0"/><line nr="103" mi="0" ci="5" mb="0" cb="0"/><line nr="104" mi="0" ci="6" mb="0" cb="0"/><line nr="105" mi="0" ci="6" mb="0" cb="0"/><line nr="106" mi="0" ci="5" mb="0" cb="0"/><line nr="108" mi="0" ci="4" mb="0" cb="0"/><line nr="109" mi="0" ci="7" mb="0" cb="0"/><line nr="110" mi="0" ci="9" mb="0" cb="0"/><line nr="111" mi="0" ci="7" mb="0" cb="0"/><line nr="113" mi="0" ci="10" mb="0" cb="2"/><line nr="115" mi="0" ci="7" mb="0" cb="0"/><line nr="116" mi="0" ci="8" mb="0" cb="0"/><line nr="117" mi="0" ci="8" mb="0" cb="0"/><line nr="118" mi="0" ci="5" mb="0" cb="0"/><line nr="119" mi="0" ci="1" mb="0" cb="0"/><line nr="120" mi="0" ci="1" mb="0" cb="0"/><line nr="126" mi="0" ci="4" mb="0" cb="0"/><line nr="127" mi="0" ci="3" mb="0" cb="0"/><line nr="128" mi="0" ci="3" mb="0" cb="0"/><line nr="130" mi="0" ci="10" mb="0" cb="2"/><line nr="132" mi="2" ci="9" mb="1" cb="1"/><line nr="133" mi="0" ci="3" mb="0" cb="0"/><line nr="134" mi="0" ci="4" mb="0" cb="0"/><line nr="136" mi="0" ci="13" mb="0" cb="0"/><line nr="138" mi="0" ci="4" mb="0" cb="2"/><line nr="140" mi="0" ci="3" mb="0" cb="0"/><line nr="142" mi="0" ci="4" mb="0" cb="2"/><line nr="144" mi="0" ci="3" mb="0" cb="0"/><line nr="146" mi="0" ci="1" mb="0" cb="0"/><line nr="148" mi="0" ci="5" mb="0" cb="0"/><line nr="149" mi="0" ci="6" mb="0" cb="0"/><line nr="150" mi="0" ci="5" mb="0" cb="0"/><line nr="152" mi="0" ci="4" mb="0" cb="0"/><line nr="153" mi="0" ci="7" mb="0" cb="0"/><line nr="154" mi="0" ci="7" mb="0" cb="0"/><line nr="155" mi="0" ci="10" mb="0" cb="2"/><line nr="157" mi="0" ci="15" mb="0" cb="0"/><line nr="158" mi="0" ci="5" mb="0" cb="0"/><line nr="159" mi="0" ci="1" mb="0" cb="0"/><line nr="160" mi="0" ci="1" mb="0" cb="0"/><line nr="164" mi="0" ci="2" mb="1" cb="1"/><line nr="166" mi="2" ci="0" mb="0" cb="0"/><line nr="168" mi="0" ci="4" mb="0" cb="2"/><line nr="170" mi="0" ci="2" mb="0" cb="0"/><line nr="172" mi="0" ci="9" mb="0" cb="0"/><line nr="177" mi="0" ci="2" mb="1" cb="1"/><line nr="179" mi="2" ci="0" mb="0" cb="0"/><line nr="181" mi="0" ci="11" mb="0" cb="0"/><line nr="186" mi="0" ci="2" mb="1" cb="1"/><line nr="188" mi="2" ci="0" mb="0" cb="0"/><line nr="190" mi="0" ci="4" mb="0" cb="0"/><line nr="204" mi="0" ci="3" mb="1" cb="1"/><line nr="205" mi="10" ci="0" mb="0" cb="0"/><line nr="206" mi="0" ci="6" mb="0" cb="0"/><line nr="207" mi="0" ci="5" mb="0" cb="0"/><line nr="208" mi="0" ci="4" mb="0" cb="0"/><line nr="210" mi="0" ci="4" mb="0" cb="0"/><line nr="211" mi="0" ci="8" mb="0" cb="2"/><line nr="213" mi="0" ci="5" mb="0" cb="0"/><line nr="214" mi="0" ci="9" mb="0" cb="0"/><line nr="215" mi="0" ci="7" mb="0" cb="0"/><line nr="216" mi="0" ci="7" mb="0" cb="0"/><line nr="217" mi="0" ci="7" mb="0" cb="0"/><line nr="218" mi="0" ci="6" mb="0" cb="2"/><line nr="220" mi="0" ci="4" mb="0" cb="0"/><line nr="223" mi="0" ci="4" mb="0" cb="0"/><line nr="225" mi="0" ci="3" mb="0" cb="0"/><counter type="INSTRUCTION" missed="23" covered="496"/><counter type="BRANCH" missed="7" covered="43"/><counter type="LINE" missed="5" covered="98"/><counter type="COMPLEXITY" missed="8" covered="25"/><counter type="METHOD" missed="1" covered="7"/><counter type="CLASS" missed="0" covered="1"/></sourcefile><sourcefile name="PaymentProcessor.java"><line nr="17" mi="3" ci="0" mb="0" cb="0"/><line nr="25" mi="0" ci="4" mb="0" cb="0"/><line nr="26" mi="0" ci="4" mb="0" cb="0"/><line nr="28" mi="0" ci="10" mb="0" cb="2"/><line nr="30" mi="0" ci="5" mb="0" cb="2"/><line nr="32" mi="0" ci="5" mb="0" cb="0"/><line nr="34" mi="0" ci="5" mb="1" cb="1"/><line nr="36" mi="0" ci="4" mb="0" cb="0"/><line nr="38" mi="0" ci="1" mb="0" cb="0"/><line nr="40" mi="0" ci="9" mb="0" cb="0"/><line nr="41" mi="0" ci="11" mb="0" cb="0"/><line nr="43" mi="0" ci="4" mb="0" cb="0"/><line nr="44" mi="0" ci="2" mb="0" cb="0"/><line nr="46" mi="0" ci="4" mb="0" cb="0"/><line nr="47" mi="0" ci="11" mb="0" cb="2"/><line nr="48" mi="0" ci="12" mb="0" cb="2"/><line nr="49" mi="0" ci="8" mb="1" cb="3"/><line nr="51" mi="0" ci="4" mb="0" cb="0"/><line nr="52" mi="0" ci="4" mb="1" cb="1"/><line nr="54" mi="0" ci="6" mb="0" cb="0"/><line nr="55" mi="0" ci="6" mb="0" cb="0"/><line nr="56" mi="0" ci="9" mb="0" cb="0"/><line nr="57" mi="0" ci="4" mb="0" cb="0"/><line nr="58" mi="0" ci="4" mb="0" cb="0"/><line nr="60" mi="0" ci="4" mb="0" cb="2"/><line nr="62" mi="0" ci="1" mb="0" cb="0"/><line nr="63" mi="0" ci="4" mb="0" cb="2"/><line nr="65" mi="0" ci="6" mb="0" cb="0"/><line nr="68" mi="0" ci="4" mb="0" cb="2"/><line nr="70" mi="0" ci="1" mb="0" cb="0"/><line nr="71" mi="0" ci="4" mb="0" cb="2"/><line nr="73" mi="0" ci="7" mb="0" cb="0"/><line nr="76" mi="0" ci="1" mb="0" cb="0"/><line nr="78" mi="0" ci="2" mb="0" cb="0"/><line nr="86" mi="0" ci="4" mb="0" cb="0"/><line nr="87" mi="0" ci="4" mb="0" cb="0"/><line nr="88" mi="0" ci="10" mb="0" cb="2"/><line nr="90" mi="0" ci="5" mb="0" cb="2"/><line nr="92" mi="0" ci="5" mb="0" cb="0"/><line nr="94" mi="0" ci="5" mb="1" cb="1"/><line nr="96" mi="0" ci="4" mb="0" cb="0"/><line nr="98" mi="0" ci="1" mb="0" cb="0"/><line nr="99" mi="0" ci="9" mb="0" cb="0"/><line nr="100" mi="0" ci="11" mb="0" cb="0"/><line nr="102" mi="0" ci="4" mb="0" cb="0"/><line nr="103" mi="0" ci="4" mb="0" cb="0"/><line nr="104" mi="0" ci="11" mb="0" cb="2"/><line nr="105" mi="0" ci="12" mb="0" cb="2"/><line nr="107" mi="0" ci="8" mb="1" cb="3"/><line nr="109" mi="0" ci="4" mb="0" cb="0"/><line nr="110" mi="0" ci="4" mb="1" cb="1"/><line nr="112" mi="0" ci="6" mb="0" cb="0"/><line nr="113" mi="0" ci="6" mb="0" cb="0"/><line nr="114" mi="0" ci="9" mb="0" cb="0"/><line nr="115" mi="0" ci="4" mb="0" cb="0"/><line nr="116" mi="0" ci="4" mb="0" cb="0"/><line nr="118" mi="0" ci="4" mb="0" cb="2"/><line nr="120" mi="0" ci="1" mb="0" cb="0"/><line nr="121" mi="0" ci="4" mb="0" cb="2"/><line nr="123" mi="0" ci="6" mb="0" cb="0"/><line nr="126" mi="0" ci="4" mb="0" cb="2"/><line nr="128" mi="0" ci="1" mb="0" cb="0"/><line nr="129" mi="0" ci="4" mb="0" cb="2"/><line nr="131" mi="0" ci="7" mb="0" cb="0"/><line nr="134" mi="0" ci="1" mb="0" cb="0"/><line nr="135" mi="0" ci="2" mb="0" cb="0"/><counter type="INSTRUCTION" missed="3" covered="338"/><counter type="BRANCH" missed="6" covered="42"/><counter type="LINE" missed="1" covered="65"/><counter type="COMPLEXITY" missed="7" covered="24"/><counter type="METHOD" missed="1" covered="6"/><counter type="CLASS" missed="0" covered="1"/></sourcefile><sourcefile name="Formats.java"><line nr="23" mi="0" ci="3" mb="0" cb="0"/><line nr="24" mi="3" ci="0" mb="0" cb="0"/><line nr="26" mi="0" ci="2" mb="0" cb="0"/><line nr="27" mi="0" ci="3" mb="0" cb="0"/><line nr="28" mi="0" ci="2" mb="0" cb="0"/><line nr="29" mi="0" ci="5" mb="0" cb="0"/><line nr="30" mi="0" ci="5" mb="0" cb="0"/><line nr="31" mi="0" ci="2" mb="0" cb="0"/><line nr="32" mi="0" ci="2" mb="0" cb="0"/><line nr="33" mi="0" ci="3" mb="0" cb="0"/><line nr="34" mi="0" ci="4" mb="0" cb="0"/><line nr="35" mi="0" ci="3" mb="0" cb="0"/><line nr="41" mi="0" ci="2" mb="1" cb="1"/><line nr="45" mi="0" ci="3" mb="0" cb="0"/><line nr="46" mi="0" ci="8" mb="0" cb="0"/><line nr="47" mi="0" ci="2" mb="0" cb="0"/><line nr="48" mi="0" ci="3" mb="0" cb="0"/><line nr="50" mi="0" ci="1" mb="0" cb="0"/><line nr="52" mi="0" ci="5" mb="0" cb="0"/><line nr="53" mi="0" ci="2" mb="0" cb="0"/><line nr="54" mi="0" ci="2" mb="0" cb="0"/><line nr="55" mi="0" ci="3" mb="0" cb="0"/><line nr="56" mi="0" ci="1" mb="0" cb="0"/><line nr="60" mi="0" ci="3" mb="0" cb="0"/><line nr="61" mi="0" ci="8" mb="0" cb="0"/><line nr="62" mi="0" ci="3" mb="0" cb="0"/><line nr="63" mi="0" ci="3" mb="0" cb="0"/><line nr="65" mi="0" ci="1" mb="0" cb="0"/><line nr="67" mi="0" ci="5" mb="0" cb="0"/><line nr="68" mi="0" ci="3" mb="0" cb="0"/><line nr="69" mi="0" ci="3" mb="0" cb="0"/><line nr="70" mi="0" ci="1" mb="0" cb="0"/><line nr="72" mi="0" ci="1" mb="0" cb="0"/><line nr="76" mi="0" ci="2" mb="0" cb="0"/><line nr="81" mi="0" ci="2" mb="0" cb="0"/><line nr="86" mi="0" ci="2" mb="0" cb="0"/><line nr="91" mi="0" ci="2" mb="0" cb="0"/><line nr="94" mi="0" ci="3" mb="0" cb="0"/><line nr="96" mi="0" ci="2" mb="0" cb="0"/><line nr="97" mi="0" ci="2" mb="0" cb="0"/><line nr="101" mi="0" ci="6" mb="0" cb="0"/><line nr="102" mi="0" ci="3" mb="1" cb="1"/><line nr="104" mi="6" ci="0" mb="0" cb="0"/><line nr="108" mi="0" ci="2" mb="0" cb="4"/><line nr="111" mi="0" ci="2" mb="0" cb="0"/><line nr="112" mi="0" ci="1" mb="0" cb="0"/><line nr="114" mi="0" ci="2" mb="0" cb="0"/><line nr="115" mi="0" ci="1" mb="0" cb="0"/><line nr="117" mi="0" ci="2" mb="0" cb="0"/><line nr="118" mi="0" ci="1" mb="0" cb="0"/><line nr="120" mi="0" ci="2" mb="0" cb="0"/><line nr="124" mi="0" ci="5" mb="0" cb="0"/><line nr="140" mi="0" ci="2" mb="0" cb="0"/><line nr="141" mi="0" ci="4" mb="0" cb="0"/><line nr="143" mi="0" ci="8" mb="0" cb="4"/><line nr="146" mi="0" ci="2" mb="0" cb="0"/><line nr="147" mi="0" ci="1" mb="0" cb="0"/><line nr="149" mi="0" ci="2" mb="0" cb="0"/><line nr="150" mi="0" ci="2" mb="0" cb="0"/><line nr="151" mi="0" ci="1" mb="0" cb="0"/><line nr="153" mi="0" ci="2" mb="0" cb="0"/><line nr="154" mi="0" ci="2" mb="0" cb="0"/><line nr="155" mi="0" ci="1" mb="0" cb="0"/><line nr="157" mi="0" ci="2" mb="0" cb="0"/><line nr="158" mi="0" ci="2" mb="0" cb="0"/><line nr="163" mi="0" ci="3" mb="0" cb="0"/><line nr="164" mi="0" ci="5" mb="0" cb="0"/><line nr="167" mi="0" ci="4" mb="0" cb="0"/><line nr="170" mi="0" ci="5" mb="0" cb="0"/><line nr="178" mi="0" ci="5" mb="1" cb="3"/><line nr="180" mi="0" ci="4" mb="0" cb="0"/><line nr="182" mi="0" ci="6" mb="0" cb="0"/><line nr="187" mi="0" ci="2" mb="0" cb="0"/><line nr="189" mi="0" ci="4" mb="0" cb="0"/><line nr="191" mi="0" ci="3" mb="0" cb="0"/><line nr="192" mi="0" ci="4" mb="0" cb="0"/><line nr="194" mi="0" ci="3" mb="0" cb="2"/><line nr="196" mi="0" ci="4" mb="0" cb="0"/><line nr="197" mi="0" ci="4" mb="0" cb="0"/><line nr="198" mi="0" ci="5" mb="0" cb="0"/><line nr="200" mi="0" ci="4" mb="0" cb="4"/><line nr="203" mi="0" ci="6" mb="0" cb="0"/><line nr="205" mi="0" ci="4" mb="0" cb="0"/><line nr="208" mi="0" ci="4" mb="0" cb="0"/><line nr="209" mi="0" ci="6" mb="0" cb="0"/><line nr="210" mi="0" ci="2" mb="0" cb="2"/><line nr="212" mi="0" ci="6" mb="0" cb="0"/><line nr="214" mi="0" ci="4" mb="0" cb="0"/><line nr="220" mi="0" ci="4" mb="0" cb="0"/><line nr="221" mi="0" ci="6" mb="0" cb="0"/><line nr="222" mi="0" ci="3" mb="0" cb="2"/><line nr="224" mi="0" ci="2" mb="0" cb="0"/><line nr="227" mi="0" ci="4" mb="0" cb="0"/><line nr="228" mi="0" ci="3" mb="0" cb="2"/><line nr="230" mi="0" ci="6" mb="0" cb="0"/><line nr="233" mi="0" ci="7" mb="0" cb="0"/><line nr="234" mi="0" ci="4" mb="0" cb="0"/><line nr="237" mi="0" ci="2" mb="0" cb="2"/><line nr="239" mi="0" ci="3" mb="0" cb="0"/><line nr="241" mi="0" ci="2" mb="0" cb="2"/><line nr="243" mi="0" ci="3" mb="0" cb="0"/><line nr="244" mi="0" ci="8" mb="0" cb="2"/><line nr="245" mi="0" ci="12" mb="1" cb="3"/><line nr="246" mi="0" ci="1" mb="0" cb="0"/><line nr="249" mi="0" ci="5" mb="0" cb="0"/><line nr="250" mi="0" ci="5" mb="0" cb="0"/><line nr="253" mi="0" ci="6" mb="0" cb="0"/><line nr="256" mi="0" ci="4" mb="0" cb="0"/><line nr="260" mi="0" ci="7" mb="0" cb="0"/><line nr="262" mi="0" ci="1" mb="0" cb="0"/><line nr="264" mi="0" ci="6" mb="0" cb="0"/><line nr="265" mi="0" ci="4" mb="0" cb="0"/><line nr="266" mi="0" ci="2" mb="0" cb="0"/><line nr="273" mi="0" ci="2" mb="0" cb="2"/><line nr="275" mi="0" ci="2" mb="0" cb="0"/><line nr="277" mi="0" ci="4" mb="0" cb="0"/><line nr="278" mi="0" ci="5" mb="1" cb="3"/><line nr="279" mi="0" ci="2" mb="0" cb="0"/><line nr="280" mi="0" ci="4" mb="0" cb="0"/><line nr="281" mi="0" ci="4" mb="0" cb="0"/><counter type="INSTRUCTION" missed="9" covered="400"/><counter type="BRANCH" missed="5" covered="39"/><counter type="LINE" missed="2" covered="118"/><counter type="COMPLEXITY" missed="6" covered="33"/><counter type="METHOD" missed="1" covered="14"/><counter type="CLASS" missed="0" covered="2"/></sourcefile><sourcefile name="InstantTypeAdapter.java"><line nr="21" mi="0" ci="3" mb="0" cb="0"/><line nr="26" mi="0" ci="6" mb="0" cb="0"/><line nr="32" mi="0" ci="4" mb="0" cb="0"/><counter type="INSTRUCTION" missed="0" covered="13"/><counter type="LINE" missed="0" covered="3"/><counter type="COMPLEXITY" missed="0" covered="3"/><counter type="METHOD" missed="0" covered="3"/><counter type="CLASS" missed="0" covered="1"/></sourcefile><counter type="INSTRUCTION" missed="35" covered="1247"/><counter type="BRANCH" missed="18" covered="124"/><counter type="LINE" missed="8" covered="284"/><counter type="COMPLEXITY" missed="21" covered="85"/><counter type="METHOD" missed="3" covered="30"/><counter type="CLASS" missed="0" covered="5"/></package><counter type="INSTRUCTION" missed="490" covered="9650"/><counter type="BRANCH" missed="306" covered="1264"/><counter type="LINE" missed="112" covered="2202"/><counter type="COMPLEXITY" missed="311" covered="836"/><counter type="METHOD" missed="16" covered="336"/><counter type="CLASS" missed="1" covered="27"/></report>